17:32:16.341 [main                     ] DEBUG Logger               - Configured Logger
17:32:16.368 [main                     ] DEBUG GameApplication      - Logging settings
Title: Naruto Ninja War
Version: 1.0
Width: 1280
Height: 720
Fullscreen: false
Intro: false
Profiling: false
Single step:false
App Mode: DEVELOPER
Menu Key: ESCAPE
Stage Style: DECORATED
Scene Factory: class com.brendondias.game.launcher.NarutoNinjaWarApp$1

17:32:17.080 [JavaFX Application Thread] DEBUG FXGLApplication      - Initializing FXGL
17:32:17.085 [JavaFX Application Thread] INFO  Engine               - FXGL-17.3 (30.03.2023 11.49) on WINDOWS (J:20 FX:20)
17:32:17.085 [JavaFX Application Thread] DEBUG Engine               - JRE Vendor Name: Oracle Corporation
17:32:17.085 [JavaFX Application Thread] DEBUG Engine               - Running on OS: Windows 11 version 10.0
17:32:17.086 [JavaFX Application Thread] DEBUG Engine               - Architecture: amd64
17:32:17.086 [JavaFX Application Thread] INFO  Engine               - Source code and latest versions at: https://github.com/AlmasB/FXGL
17:32:17.086 [JavaFX Application Thread] INFO  Engine               -       Ask questions and discuss at: https://github.com/AlmasB/FXGL/discussions
17:32:17.086 [JavaFX Application Thread] INFO  Engine               -              Join the FXGL chat at: https://gitter.im/AlmasB/FXGL
17:32:17.212 [JavaFX Application Thread] DEBUG PrimaryStageWindow   - Creating a JavaFX scene
17:32:17.308 [JavaFX Application Thread] DEBUG PrimaryStageWindow   - Target settings size: 1280.0 x 720.0
17:32:17.308 [JavaFX Application Thread] DEBUG PrimaryStageWindow   - Scaled scene size:    1280.0 x 720.0
17:32:17.308 [JavaFX Application Thread] DEBUG PrimaryStageWindow   - Scaled ratio: (1.0, 1.0)
17:32:17.310 [JavaFX Application Thread] DEBUG PrimaryStageWindow   - Set initial scene to FXGLStartupScene
17:32:17.313 [JavaFX Application Thread] DEBUG PrimaryStageWindow   - Opening main window
17:32:17.433 [JavaFX Application Thread] DEBUG PrimaryStageWindow   - Window border size: (14.4000244140625, 37.5999755859375)
17:32:17.434 [JavaFX Application Thread] DEBUG PrimaryStageWindow   - Scaled size: 1280.0 x 720.0
17:32:17.434 [JavaFX Application Thread] DEBUG PrimaryStageWindow   - Scaled ratio: (1.0, 1.0)
17:32:17.434 [JavaFX Application Thread] DEBUG PrimaryStageWindow   - Scene size: 1280.0 x 720.0
17:32:17.435 [JavaFX Application Thread] DEBUG PrimaryStageWindow   - Stage size: 1294.4000244140625 x 757.5999755859375
17:32:17.445 [FXGL Background Thread 1 ] DEBUG Engine               - Initializing environment variables
17:32:17.510 [FXGL Background Thread 1 ] DEBUG FXGLAssetLoaderServi - User app class for loading assets: class com.brendondias.game.launcher.NarutoNinjaWarApp
17:32:17.510 [FXGL Background Thread 1 ] DEBUG GameApplicationServi - Applying CSS: fxgl_dark.css
17:32:17.512 [FXGL Background Thread 1 ] DEBUG FXGLAssetLoaderServi - Loading from file system: jar:file:///C:/Users/brend/.m2/repository/com/github/almasb/fxgl/17.3/fxgl-17.3.jar!/fxglassets/ui/css/fxgl_dark.css
17:32:17.580 [FXGL Background Thread 1 ] DEBUG GameApplicationServi - Initializing application scenes
17:32:17.620 [FXGL Background Thread 1 ] DEBUG GameWorld            - Game world initialized
17:32:17.700 [FXGL Background Thread 1 ] DEBUG PhysicsWorld         - Physics world initialized: appHeight=720, physics.ppm=50,0
17:32:17.701 [FXGL Background Thread 1 ] DEBUG PhysicsWorld         - Using strategy: BRUTE_FORCE
17:32:17.714 [FXGL Background Thread 1 ] DEBUG GameScene            - Game scene initialized: 1280x720
17:32:17.722 [FXGL Background Thread 1 ] DEBUG FXGLAssetLoaderServi - Loading from file system: file:/C:/Users/brend/IdeaProjects/MavenWorkspace/InitFXGL/target/classes/assets/textures/leafVillageIcon.png
17:32:17.750 [FXGL Background Thread 1 ] DEBUG FXGLAssetLoaderServi - Loading from file system: file:/C:/Users/brend/IdeaProjects/MavenWorkspace/InitFXGL/target/classes/assets/textures/sandVillageIcon.png
17:32:17.756 [FXGL Background Thread 1 ] DEBUG FXGLAssetLoaderServi - Loading from file system: file:/C:/Users/brend/IdeaProjects/MavenWorkspace/InitFXGL/target/classes/assets/textures/mistVillageIcon.png
17:32:17.764 [FXGL Background Thread 1 ] DEBUG FXGLAssetLoaderServi - Loading from file system: file:/C:/Users/brend/IdeaProjects/MavenWorkspace/InitFXGL/target/classes/assets/textures/stoneVillageIcon.png
17:32:17.768 [FXGL Background Thread 1 ] DEBUG FXGLAssetLoaderServi - Loading from file system: file:/C:/Users/brend/IdeaProjects/MavenWorkspace/InitFXGL/target/classes/assets/textures/cloudVillageIcon.png
17:32:17.772 [FXGL Background Thread 1 ] DEBUG FXGLAssetLoaderServi - Loading from file system: file:/C:/Users/brend/IdeaProjects/MavenWorkspace/InitFXGL/target/classes/assets/textures/missingVillage.png
17:32:17.798 [FXGL Background Thread 1 ] DEBUG FXGLAssetLoaderServi - Loading from file system: file:/C:/Users/brend/IdeaProjects/MavenWorkspace/InitFXGL/target/classes/assets/textures/skillsIcons/rasengan.gif
17:32:17.843 [FXGL Background Thread 1 ] DEBUG FXGLAssetLoaderServi - Loading from file system: file:/C:/Users/brend/IdeaProjects/MavenWorkspace/InitFXGL/target/classes/assets/textures/skillsIcons/chidori.gif
17:32:17.979 [FXGL Background Thread 1 ] DEBUG FXGLAssetLoaderServi - Loading from file system: file:/C:/Users/brend/IdeaProjects/MavenWorkspace/InitFXGL/target/classes/assets/textures/ninjaIcons/classicNarutoIcon200x200.png
17:32:17.984 [FXGL Background Thread 1 ] DEBUG FXGLAssetLoaderServi - Loading from file system: file:/C:/Users/brend/IdeaProjects/MavenWorkspace/InitFXGL/target/classes/assets/textures/ninjaIcons/classicSasukeIcon200x200.png
17:32:17.990 [FXGL Background Thread 1 ] DEBUG FXGLAssetLoaderServi - Loading from file system: file:/C:/Users/brend/IdeaProjects/MavenWorkspace/InitFXGL/target/classes/assets/textures/ninjaIcons/classicSakuraIcon200x200.png
17:32:17.994 [FXGL Background Thread 1 ] DEBUG FXGLAssetLoaderServi - Loading from file system: file:/C:/Users/brend/IdeaProjects/MavenWorkspace/InitFXGL/target/classes/assets/textures/ninjaIcons/classicKakashiIcon200x200.png
17:32:17.997 [FXGL Background Thread 1 ] DEBUG FXGLAssetLoaderServi - Loading from file system: file:/C:/Users/brend/IdeaProjects/MavenWorkspace/InitFXGL/target/classes/assets/textures/ninjaIcons/classicShikamaruIcon200x200.png
17:32:18.002 [FXGL Background Thread 1 ] DEBUG FXGLAssetLoaderServi - Loading from file system: file:/C:/Users/brend/IdeaProjects/MavenWorkspace/InitFXGL/target/classes/assets/textures/ninjaIcons/classicInoIcon200x200.png
17:32:18.007 [FXGL Background Thread 1 ] DEBUG FXGLAssetLoaderServi - Loading from file system: file:/C:/Users/brend/IdeaProjects/MavenWorkspace/InitFXGL/target/classes/assets/textures/ninjaIcons/classicChojiIcon200x200.png
17:32:18.011 [FXGL Background Thread 1 ] DEBUG FXGLAssetLoaderServi - Loading from file system: file:/C:/Users/brend/IdeaProjects/MavenWorkspace/InitFXGL/target/classes/assets/textures/ninjaIcons/classicAsumaIcon200x200.png
17:32:18.015 [FXGL Background Thread 1 ] DEBUG FXGLAssetLoaderServi - Loading from file system: file:/C:/Users/brend/IdeaProjects/MavenWorkspace/InitFXGL/target/classes/assets/textures/ninjaIcons/classicLeeIcon200x200.png
17:32:18.019 [FXGL Background Thread 1 ] DEBUG FXGLAssetLoaderServi - Loading from file system: file:/C:/Users/brend/IdeaProjects/MavenWorkspace/InitFXGL/target/classes/assets/textures/ninjaIcons/classicNejiIcon200x200.png
17:32:18.023 [FXGL Background Thread 1 ] DEBUG FXGLAssetLoaderServi - Loading from file system: file:/C:/Users/brend/IdeaProjects/MavenWorkspace/InitFXGL/target/classes/assets/textures/ninjaIcons/classicTentenIcon200x200.png
17:32:18.028 [FXGL Background Thread 1 ] DEBUG FXGLAssetLoaderServi - Loading from file system: file:/C:/Users/brend/IdeaProjects/MavenWorkspace/InitFXGL/target/classes/assets/textures/ninjaIcons/classicGaiIcon200x200.png
17:32:18.032 [FXGL Background Thread 1 ] DEBUG FXGLAssetLoaderServi - Loading from file system: file:/C:/Users/brend/IdeaProjects/MavenWorkspace/InitFXGL/target/classes/assets/textures/ninjaIcons/classicHinataIcon200x200.png
17:32:18.037 [FXGL Background Thread 1 ] DEBUG FXGLAssetLoaderServi - Loading from file system: file:/C:/Users/brend/IdeaProjects/MavenWorkspace/InitFXGL/target/classes/assets/textures/ninjaIcons/classicKibaIcon200x200.png
17:32:18.041 [FXGL Background Thread 1 ] DEBUG FXGLAssetLoaderServi - Loading from file system: file:/C:/Users/brend/IdeaProjects/MavenWorkspace/InitFXGL/target/classes/assets/textures/ninjaIcons/classicShinoIcon200x200.png
17:32:18.045 [FXGL Background Thread 1 ] DEBUG FXGLAssetLoaderServi - Loading from file system: file:/C:/Users/brend/IdeaProjects/MavenWorkspace/InitFXGL/target/classes/assets/textures/ninjaIcons/classicKurenaiIcon200x200.png
17:32:18.048 [FXGL Background Thread 1 ] DEBUG FXGLAssetLoaderServi - Loading from file system: file:/C:/Users/brend/IdeaProjects/MavenWorkspace/InitFXGL/target/classes/assets/textures/ninjaIcons/classicGaaraIcon200x200.png
17:32:18.053 [FXGL Background Thread 1 ] DEBUG FXGLAssetLoaderServi - Loading from file system: file:/C:/Users/brend/IdeaProjects/MavenWorkspace/InitFXGL/target/classes/assets/textures/ninjaIcons/classicTemariIcon200x200.png
17:32:18.058 [FXGL Background Thread 1 ] DEBUG FXGLAssetLoaderServi - Loading from file system: file:/C:/Users/brend/IdeaProjects/MavenWorkspace/InitFXGL/target/classes/assets/textures/ninjaIcons/classicKankuroIcon200x200.png
17:32:18.062 [FXGL Background Thread 1 ] DEBUG FXGLAssetLoaderServi - Loading from file system: file:/C:/Users/brend/IdeaProjects/MavenWorkspace/InitFXGL/target/classes/assets/textures/ninjaIcons/classicBakiIcon200x200.png
17:32:18.078 [FXGL Background Thread 1 ] DEBUG FXGLAssetLoaderServi - Loading from file system: file:/C:/Users/brend/IdeaProjects/MavenWorkspace/InitFXGL/target/classes/assets/textures/backgroundGif.gif
17:32:18.757 [FXGL Background Thread 1 ] DEBUG FXGLAssetLoaderServi - Loading from file system: file:/C:/Users/brend/IdeaProjects/MavenWorkspace/InitFXGL/target/classes/assets/music/musicMenu1.wav
17:32:19.034 [FXGL Background Thread 1 ] DEBUG FXGL.DefaultMenu     - createMenuBodyGameMenu()
17:32:19.053 [FXGL Background Thread 1 ] DEBUG FXGL.DefaultMenu     - createOptionsMenu()
17:32:19.064 [FXGL Background Thread 1 ] DEBUG FXGLAssetLoaderServi - Loading from file system: jar:file:///C:/Users/brend/.m2/repository/com/github/almasb/fxgl/17.3/fxgl-17.3.jar!/fxglassets/textures/particles/smoke.png
17:32:19.149 [FXGL Background Thread 1 ] DEBUG FXGLAssetLoaderServi - Loading from file system: jar:file:///C:/Users/brend/.m2/repository/com/github/almasb/fxgl/17.3/fxgl-17.3.jar!/fxglassets/textures/particles/trace_horizontal.png
17:32:19.170 [FXGL Background Thread 1 ] DEBUG GameApplicationServi - Application scenes initialized
17:32:19.193 [FXGL Background Thread 1 ] DEBUG SystemBundleService  - Loading FXGL system data
17:32:19.202 [FXGL Background Thread 1 ] DEBUG FileSystemAccess     - Reading from: C:\Users\brend\IdeaProjects\MavenWorkspace\InitFXGL\system\fxgl.bundle
17:32:19.217 [FXGL Background Thread 1 ] DEBUG SystemBundleService  - Bundle FXGL: {}
17:32:19.217 [FXGL Background Thread 1 ] DEBUG UpdaterService       - Checking for updates
17:32:19.225 [FXGL Background Thread 1 ] DEBUG FXGLApplication      - Loading default localization
17:32:19.225 [FXGL Background Thread 1 ] DEBUG FXGLAssetLoaderServi - Loading from file system: jar:file:///C:/Users/brend/.m2/repository/com/github/almasb/fxgl/17.3/fxgl-17.3.jar!/fxglassets/languages/english.lang
17:32:19.227 [FXGL Background Thread 4 ] DEBUG FXGLApplication      - Loading fonts
17:32:19.228 [FXGL Background Thread 4 ] DEBUG FXGLAssetLoaderServi - Loading from file system: jar:file:///C:/Users/brend/.m2/repository/com/github/almasb/fxgl/17.3/fxgl-17.3.jar!/fxglassets/ui/fonts/VarelaRound-Regular.ttf
17:32:19.245 [FXGL Background Thread 1 ] INFO  FXGLApplication      - FXGL initialization took: 1,800 sec
17:32:19.256 [JavaFX Application Thread] DEBUG Input                - Registered new binding: action0 - W
17:32:19.256 [JavaFX Application Thread] DEBUG Input                - Registered new binding: action1 - S
17:32:19.257 [JavaFX Application Thread] DEBUG Input                - Registered new binding: action2 - A
17:32:19.257 [JavaFX Application Thread] DEBUG Input                - Registered new binding: action3 - D
17:32:19.258 [JavaFX Application Thread] DEBUG Input                - Registered new binding: Left - Left
17:32:19.258 [JavaFX Application Thread] DEBUG Input                - Registered new binding: Right - Right
17:32:19.258 [JavaFX Application Thread] DEBUG FXGLAssetLoaderServi - Loading from file system: file:/C:/Users/brend/IdeaProjects/MavenWorkspace/InitFXGL/target/classes/assets/textures/iconKunai.png
17:32:19.270 [JavaFX Application Thread] DEBUG Input                - Registered new binding: Screenshot - CTRL+8
17:32:19.271 [JavaFX Application Thread] DEBUG Input                - Registered new binding: System info dump - CTRL+9
17:32:19.271 [JavaFX Application Thread] DEBUG Input                - Registered new binding: Restart - CTRL+R
17:32:19.272 [JavaFX Application Thread] DEBUG Input                - Registered new binding: Toggle Debug Camera - CTRL+7
17:32:19.274 [JavaFX Application Thread] DEBUG LoopRunner           - Starting loop
17:32:19.274 [JavaFX Application Thread] DEBUG LoopRunner           - Initializing JavaFX AnimationTimerLoop
17:32:19.278 [JavaFX Application Thread] DEBUG Input                - Clearing active input actions
17:32:19.288 [JavaFX Application Thread] DEBUG GameApplicationServi - Removing overlay from FXGLStartupScene and adding to FXGLMainMenuDummyScene
17:32:19.290 [JavaFX Application Thread] DEBUG PrimaryStageWindow   - FXGLStartupScene -> FXGLMainMenuDummyScene
17:32:19.290 [JavaFX Application Thread] DEBUG PrimaryStageWindow   - Push state: MainMenu
17:32:19.290 [JavaFX Application Thread] DEBUG Input                - Clearing active input actions
17:32:19.294 [JavaFX Application Thread] DEBUG GameApplicationServi - Removing overlay from FXGLMainMenuDummyScene and adding to MainMenu
17:32:19.294 [JavaFX Application Thread] DEBUG PrimaryStageWindow   - FXGLMainMenuDummyScene -> MainMenu
17:32:19.305 [FXGL Background Thread 4 ] DEBUG FXGLAssetLoaderServi - Loading from file system: jar:file:///C:/Users/brend/.m2/repository/com/github/almasb/fxgl/17.3/fxgl-17.3.jar!/fxglassets/ui/fonts/Abel-Regular.ttf
17:32:19.308 [FXGL Background Thread 4 ] DEBUG FXGLAssetLoaderServi - Loading from file system: jar:file:///C:/Users/brend/.m2/repository/com/github/almasb/fxgl/17.3/fxgl-17.3.jar!/fxglassets/ui/fonts/TerminalLandMono-Regular.otf
17:32:19.312 [FXGL Background Thread 4 ] DEBUG FXGLAssetLoaderServi - Loading from file system: jar:file:///C:/Users/brend/.m2/repository/com/github/almasb/fxgl/17.3/fxgl-17.3.jar!/fxglassets/ui/fonts/Courier-Prime.ttf
17:32:19.318 [JavaFX Application Thread] DEBUG FXGLApplication      - Registering font factories with UI factory
17:32:22.223 [FXGL Background Thread 3 ] DEBUG Engine               - Logging environment variables
17:32:22.224 [FXGL Background Thread 3 ] DEBUG Engine               - achievements: []
17:32:22.224 [FXGL Background Thread 3 ] DEBUG Engine               - actualHeight: 720.0
17:32:22.224 [FXGL Background Thread 3 ] DEBUG Engine               - actualHeightProperty: ReadOnlyDoubleProperty [value: 720.0]
17:32:22.224 [FXGL Background Thread 3 ] DEBUG Engine               - actualWidth: 1280.0
17:32:22.224 [FXGL Background Thread 3 ] DEBUG Engine               - actualWidthProperty: ReadOnlyDoubleProperty [value: 1280.0]
17:32:22.225 [FXGL Background Thread 3 ] DEBUG Engine               - appIcon: iconKunai.png
17:32:22.225 [FXGL Background Thread 3 ] DEBUG Engine               - applicationMode: DEVELOPER
17:32:22.225 [FXGL Background Thread 3 ] DEBUG Engine               - cSSList: [fxgl_dark.css]
17:32:22.225 [FXGL Background Thread 3 ] DEBUG Engine               - collisionDetectionStrategy: BRUTE_FORCE
17:32:22.225 [FXGL Background Thread 3 ] DEBUG Engine               - configClass: Optional.empty
17:32:22.225 [FXGL Background Thread 3 ] DEBUG Engine               - credits: []
17:32:22.226 [FXGL Background Thread 3 ] DEBUG Engine               - defaultCursor: CursorInfo(imageName=iconKunai.png, hotspotX=7.0, hotspotY=6.0)
17:32:22.226 [FXGL Background Thread 3 ] DEBUG Engine               - devBBoxColorProperty: ObjectProperty [value: 0xff0000ff]
17:32:22.226 [FXGL Background Thread 3 ] DEBUG Engine               - devEnableDebugCameraProperty: BooleanProperty [value: false]
17:32:22.226 [FXGL Background Thread 3 ] DEBUG Engine               - devSensorColorProperty: ObjectProperty [value: 0xffff00ff]
17:32:22.226 [FXGL Background Thread 3 ] DEBUG Engine               - devShowBBoxProperty: BooleanProperty [value: false]
17:32:22.226 [FXGL Background Thread 3 ] DEBUG Engine               - devShowPositionProperty: BooleanProperty [value: false]
17:32:22.226 [FXGL Background Thread 3 ] DEBUG Engine               - enabledMenuItems: []
17:32:22.226 [FXGL Background Thread 3 ] DEBUG Engine               - engineServices: [class com.almasb.fxgl.app.services.FXGLAssetLoaderService, class com.almasb.fxgl.app.FXGLApplication$GameApplicationService, class com.almasb.fxgl.app.services.FXGLDialogService, class com.almasb.fxgl.app.services.IOTaskExecutorService, class com.almasb.fxgl.io.FileSystemService, class com.almasb.fxgl.localization.LocalizationService, class com.almasb.fxgl.app.services.SystemBundleService, class com.almasb.fxgl.profile.SaveLoadService, class com.almasb.fxgl.ui.FXGLUIFactoryServiceProvider, class com.almasb.fxgl.ui.FXGLDialogFactoryServiceProvider, class com.almasb.fxgl.audio.AudioPlayer, class com.almasb.fxgl.notification.impl.NotificationServiceProvider, class com.almasb.fxgl.achievement.AchievementService, class com.almasb.fxgl.cutscene.CutsceneService, class com.almasb.fxgl.minigames.MiniGameService, class com.almasb.fxgl.net.NetService, class com.almasb.fxgl.app.services.UpdaterService, class com.almasb.fxgl.dev.DevService]
17:32:22.226 [FXGL Background Thread 3 ] DEBUG Engine               - fontGame: Abel-Regular.ttf
17:32:22.226 [FXGL Background Thread 3 ] DEBUG Engine               - fontMono: TerminalLandMono-Regular.otf
17:32:22.226 [FXGL Background Thread 3 ] DEBUG Engine               - fontSizeScaleUI: 1.0
17:32:22.226 [FXGL Background Thread 3 ] DEBUG Engine               - fontText: Courier-Prime.ttf
17:32:22.226 [FXGL Background Thread 3 ] DEBUG Engine               - fontUI: VarelaRound-Regular.ttf
17:32:22.227 [FXGL Background Thread 3 ] DEBUG Engine               - fullScreen: BooleanProperty [value: false]
17:32:22.227 [FXGL Background Thread 3 ] DEBUG Engine               - gameDifficulty: MEDIUM
17:32:22.227 [FXGL Background Thread 3 ] DEBUG Engine               - gameDifficultyProperty: ObjectProperty [value: MEDIUM]
17:32:22.227 [FXGL Background Thread 3 ] DEBUG Engine               - globalMusicVolume: 0.5
17:32:22.227 [FXGL Background Thread 3 ] DEBUG Engine               - globalMusicVolumeProperty: DoubleProperty [value: 0.5]
17:32:22.227 [FXGL Background Thread 3 ] DEBUG Engine               - globalSoundVolume: 0.5
17:32:22.227 [FXGL Background Thread 3 ] DEBUG Engine               - globalSoundVolumeProperty: DoubleProperty [value: 0.5]
17:32:22.227 [FXGL Background Thread 3 ] DEBUG Engine               - height: 720
17:32:22.227 [FXGL Background Thread 3 ] DEBUG Engine               - is3D: true
17:32:22.227 [FXGL Background Thread 3 ] DEBUG Engine               - isAndroid: false
17:32:22.228 [FXGL Background Thread 3 ] DEBUG Engine               - isBrowser: false
17:32:22.228 [FXGL Background Thread 3 ] DEBUG Engine               - isClickFeedbackEnabled: false
17:32:22.228 [FXGL Background Thread 3 ] DEBUG Engine               - isCloseConfirmation: false
17:32:22.228 [FXGL Background Thread 3 ] DEBUG Engine               - isDesktop: true
17:32:22.228 [FXGL Background Thread 3 ] DEBUG Engine               - isDeveloperMenuEnabled: false
17:32:22.228 [FXGL Background Thread 3 ] DEBUG Engine               - isEmbedded: false
17:32:22.228 [FXGL Background Thread 3 ] DEBUG Engine               - isEntityPreloadEnabled: true
17:32:22.228 [FXGL Background Thread 3 ] DEBUG Engine               - isExperimentalTiledLargeMap: false
17:32:22.228 [FXGL Background Thread 3 ] DEBUG Engine               - isFileSystemWriteAllowed: true
17:32:22.228 [FXGL Background Thread 3 ] DEBUG Engine               - isFullScreenAllowed: false
17:32:22.228 [FXGL Background Thread 3 ] DEBUG Engine               - isFullScreenFromStart: false
17:32:22.228 [FXGL Background Thread 3 ] DEBUG Engine               - isGameMenuEnabled: true
17:32:22.228 [FXGL Background Thread 3 ] DEBUG Engine               - isIOS: false
17:32:22.228 [FXGL Background Thread 3 ] DEBUG Engine               - isIntroEnabled: false
17:32:22.228 [FXGL Background Thread 3 ] DEBUG Engine               - isLinux: false
17:32:22.228 [FXGL Background Thread 3 ] DEBUG Engine               - isMac: false
17:32:22.228 [FXGL Background Thread 3 ] DEBUG Engine               - isMainMenuEnabled: true
17:32:22.228 [FXGL Background Thread 3 ] DEBUG Engine               - isManualResizeEnabled: true
17:32:22.228 [FXGL Background Thread 3 ] DEBUG Engine               - isMobile: false
17:32:22.228 [FXGL Background Thread 3 ] DEBUG Engine               - isNative: false
17:32:22.228 [FXGL Background Thread 3 ] DEBUG Engine               - isPauseMusicWhenMinimized: true
17:32:22.228 [FXGL Background Thread 3 ] DEBUG Engine               - isPreserveResizeRatio: false
17:32:22.228 [FXGL Background Thread 3 ] DEBUG Engine               - isProfilingEnabled: false
17:32:22.228 [FXGL Background Thread 3 ] DEBUG Engine               - isScaleAffectedOnResize: true
17:32:22.228 [FXGL Background Thread 3 ] DEBUG Engine               - isSingleStep: false
17:32:22.228 [FXGL Background Thread 3 ] DEBUG Engine               - isUserProfileEnabled: false
17:32:22.228 [FXGL Background Thread 3 ] DEBUG Engine               - isWindows: true
17:32:22.228 [FXGL Background Thread 3 ] DEBUG Engine               - language: ObjectProperty [value: ENGLISH]
17:32:22.228 [FXGL Background Thread 3 ] DEBUG Engine               - menuKey: ESCAPE
17:32:22.228 [FXGL Background Thread 3 ] DEBUG Engine               - mouseSensitivity: 0.2
17:32:22.230 [FXGL Background Thread 3 ] DEBUG Engine               - notificationViewClass: class com.almasb.fxgl.notification.view.XboxNotificationView
17:32:22.230 [FXGL Background Thread 3 ] DEBUG Engine               - pixelsPerMeter: 50.0
17:32:22.230 [FXGL Background Thread 3 ] DEBUG Engine               - platform: WINDOWS
17:32:22.230 [FXGL Background Thread 3 ] DEBUG Engine               - prefHeightProperty: ReadOnlyDoubleProperty [value: 720.0]
17:32:22.230 [FXGL Background Thread 3 ] DEBUG Engine               - prefWidthProperty: ReadOnlyDoubleProperty [value: 1280.0]
17:32:22.230 [FXGL Background Thread 3 ] DEBUG Engine               - profileDir: profiles/
17:32:22.230 [FXGL Background Thread 3 ] DEBUG Engine               - profileName: StringProperty [value: DEFAULT]
17:32:22.230 [FXGL Background Thread 3 ] DEBUG Engine               - randomSeed: -1
17:32:22.230 [FXGL Background Thread 3 ] DEBUG Engine               - runtimeInfo: RuntimeInfo(platform=WINDOWS, version=17.3, build=30.03.2023 11.49)
17:32:22.231 [FXGL Background Thread 3 ] DEBUG Engine               - saveFileExt: sav
17:32:22.231 [FXGL Background Thread 3 ] DEBUG Engine               - scaledHeightProp$fxgl: DoubleProperty [bound, value: 720.0]
17:32:22.231 [FXGL Background Thread 3 ] DEBUG Engine               - scaledWidthProp$fxgl: DoubleProperty [bound, value: 1280.0]
17:32:22.231 [FXGL Background Thread 3 ] DEBUG Engine               - sceneFactory: com.brendondias.game.launcher.NarutoNinjaWarApp$1@51d827c6
17:32:22.231 [FXGL Background Thread 3 ] DEBUG Engine               - secondsIn24h: 60
17:32:22.231 [FXGL Background Thread 3 ] DEBUG Engine               - soundMenuBack: menu/back.wav
17:32:22.231 [FXGL Background Thread 3 ] DEBUG Engine               - soundMenuPress: menu/press.wav
17:32:22.231 [FXGL Background Thread 3 ] DEBUG Engine               - soundMenuSelect: menu/select.wav
17:32:22.231 [FXGL Background Thread 3 ] DEBUG Engine               - soundNotification: core/notification.wav
17:32:22.231 [FXGL Background Thread 3 ] DEBUG Engine               - stageStyle: DECORATED
17:32:22.231 [FXGL Background Thread 3 ] DEBUG Engine               - supportedLanguages: [ENGLISH, FRENCH, GERMAN, HUNGARIAN, RUSSIAN]
17:32:22.231 [FXGL Background Thread 3 ] DEBUG Engine               - ticksPerSecond: -1
17:32:22.231 [FXGL Background Thread 3 ] DEBUG Engine               - title: Naruto Ninja War
17:32:22.231 [FXGL Background Thread 3 ] DEBUG Engine               - urlGithub: https://github.com/AlmasB/FXGL
17:32:22.231 [FXGL Background Thread 3 ] DEBUG Engine               - urlLeaderboard: http://fxgl-top.herokuapp.com/
17:32:22.231 [FXGL Background Thread 3 ] DEBUG Engine               - urlPOM: https://raw.githubusercontent.com/AlmasB/FXGL/release/README.md
17:32:22.231 [FXGL Background Thread 3 ] DEBUG Engine               - userAppClass: class com.brendondias.game.launcher.NarutoNinjaWarApp
17:32:22.231 [FXGL Background Thread 3 ] DEBUG Engine               - version: 1.0
17:32:22.231 [FXGL Background Thread 3 ] DEBUG Engine               - versionCheckDays: 7
17:32:22.231 [FXGL Background Thread 3 ] DEBUG Engine               - width: 1280
17:32:22.232 [FXGL Background Thread 3 ] DEBUG Engine               - Logging services
17:32:22.232 [FXGL Background Thread 3 ] DEBUG Engine               - class com.almasb.fxgl.app.services.FXGLAssetLoaderService
17:32:22.232 [FXGL Background Thread 3 ] DEBUG Engine               - class com.almasb.fxgl.app.FXGLApplication$GameApplicationService
17:32:22.232 [FXGL Background Thread 3 ] DEBUG Engine               - class com.almasb.fxgl.app.services.FXGLDialogService
17:32:22.232 [FXGL Background Thread 3 ] DEBUG Engine               - class com.almasb.fxgl.app.services.IOTaskExecutorService
17:32:22.232 [FXGL Background Thread 3 ] DEBUG Engine               - class com.almasb.fxgl.io.FileSystemService
17:32:22.232 [FXGL Background Thread 3 ] DEBUG Engine               - class com.almasb.fxgl.localization.LocalizationService
17:32:22.232 [FXGL Background Thread 3 ] DEBUG Engine               - class com.almasb.fxgl.app.services.SystemBundleService
17:32:22.232 [FXGL Background Thread 3 ] DEBUG Engine               - class com.almasb.fxgl.profile.SaveLoadService
17:32:22.232 [FXGL Background Thread 3 ] DEBUG Engine               - class com.almasb.fxgl.ui.FXGLUIFactoryServiceProvider
17:32:22.232 [FXGL Background Thread 3 ] DEBUG Engine               - class com.almasb.fxgl.ui.FXGLDialogFactoryServiceProvider
17:32:22.232 [FXGL Background Thread 3 ] DEBUG Engine               - class com.almasb.fxgl.audio.AudioPlayer
17:32:22.232 [FXGL Background Thread 3 ] DEBUG Engine               - class com.almasb.fxgl.notification.impl.NotificationServiceProvider
17:32:22.232 [FXGL Background Thread 3 ] DEBUG Engine               - class com.almasb.fxgl.achievement.AchievementService
17:32:22.232 [FXGL Background Thread 3 ] DEBUG Engine               - class com.almasb.fxgl.cutscene.CutsceneService
17:32:22.232 [FXGL Background Thread 3 ] DEBUG Engine               - class com.almasb.fxgl.minigames.MiniGameService
17:32:22.232 [FXGL Background Thread 3 ] DEBUG Engine               - class com.almasb.fxgl.net.NetService
17:32:22.232 [FXGL Background Thread 3 ] DEBUG Engine               - class com.almasb.fxgl.app.services.UpdaterService
17:32:22.232 [FXGL Background Thread 3 ] DEBUG Engine               - class com.almasb.fxgl.dev.DevService
17:32:27.805 [JavaFX Application Thread] DEBUG FXGLApplication      - Exiting FXGL
17:32:27.805 [JavaFX Application Thread] DEBUG LoopRunner           - Stopping loop
17:32:27.805 [JavaFX Application Thread] DEBUG SystemBundleService  - Saving FXGL system data
17:32:27.811 [JavaFX Application Thread] DEBUG FileSystemAccess     - Writing to: C:\Users\brend\IdeaProjects\MavenWorkspace\InitFXGL\system\fxgl.bundle
17:32:27.814 [JavaFX Application Thread] DEBUG Async                - Shutting down background threads
17:32:27.815 [JavaFX Application Thread] DEBUG PrimaryStageWindow   - Closing main window
17:32:27.825 [JavaFX Application Thread] DEBUG Logger               - Closing Logger
