19:54:52.663 [main                     ] DEBUG Logger               - Configured Logger
19:54:52.678 [main                     ] DEBUG GameApplication      - Logging settings
Title: Naruto Ninja War
Version: 1.0
Width: 1280
Height: 720
Fullscreen: false
Intro: false
Profiling: false
Single step:false
App Mode: DEVELOPER
Menu Key: ESCAPE
Stage Style: DECORATED
Scene Factory: class com.brendondias.game.launcher.NarutoNinjaWarApp$1

19:54:53.162 [JavaFX Application Thread] DEBUG FXGLApplication      - Initializing FXGL
19:54:53.166 [JavaFX Application Thread] INFO  Engine               - FXGL-17.3 (30.03.2023 11.49) on WINDOWS (J:20 FX:20)
19:54:53.166 [JavaFX Application Thread] DEBUG Engine               - JRE Vendor Name: Oracle Corporation
19:54:53.166 [JavaFX Application Thread] DEBUG Engine               - Running on OS: Windows 11 version 10.0
19:54:53.166 [JavaFX Application Thread] DEBUG Engine               - Architecture: amd64
19:54:53.166 [JavaFX Application Thread] INFO  Engine               - Source code and latest versions at: https://github.com/AlmasB/FXGL
19:54:53.166 [JavaFX Application Thread] INFO  Engine               -       Ask questions and discuss at: https://github.com/AlmasB/FXGL/discussions
19:54:53.166 [JavaFX Application Thread] INFO  Engine               -              Join the FXGL chat at: https://gitter.im/AlmasB/FXGL
19:54:53.237 [JavaFX Application Thread] DEBUG PrimaryStageWindow   - Creating a JavaFX scene
19:54:53.287 [JavaFX Application Thread] DEBUG PrimaryStageWindow   - Target settings size: 1280.0 x 720.0
19:54:53.287 [JavaFX Application Thread] DEBUG PrimaryStageWindow   - Scaled scene size:    1280.0 x 720.0
19:54:53.287 [JavaFX Application Thread] DEBUG PrimaryStageWindow   - Scaled ratio: (1.0, 1.0)
19:54:53.288 [JavaFX Application Thread] DEBUG PrimaryStageWindow   - Set initial scene to FXGLStartupScene
19:54:53.290 [JavaFX Application Thread] DEBUG PrimaryStageWindow   - Opening main window
19:54:53.391 [JavaFX Application Thread] DEBUG PrimaryStageWindow   - Window border size: (14.4000244140625, 37.5999755859375)
19:54:53.391 [JavaFX Application Thread] DEBUG PrimaryStageWindow   - Scaled size: 1280.0 x 720.0
19:54:53.391 [JavaFX Application Thread] DEBUG PrimaryStageWindow   - Scaled ratio: (1.0, 1.0)
19:54:53.391 [JavaFX Application Thread] DEBUG PrimaryStageWindow   - Scene size: 1280.0 x 720.0
19:54:53.392 [JavaFX Application Thread] DEBUG PrimaryStageWindow   - Stage size: 1294.4000244140625 x 757.5999755859375
19:54:53.400 [FXGL Background Thread 1 ] DEBUG Engine               - Initializing environment variables
19:54:53.462 [FXGL Background Thread 1 ] DEBUG FXGLAssetLoaderServi - User app class for loading assets: class com.brendondias.game.launcher.NarutoNinjaWarApp
19:54:53.462 [FXGL Background Thread 1 ] DEBUG GameApplicationServi - Applying CSS: fxgl_dark.css
19:54:53.463 [FXGL Background Thread 1 ] DEBUG FXGLAssetLoaderServi - Loading from file system: jar:file:///C:/Users/brend/.m2/repository/com/github/almasb/fxgl/17.3/fxgl-17.3.jar!/fxglassets/ui/css/fxgl_dark.css
19:54:53.510 [FXGL Background Thread 1 ] DEBUG GameApplicationServi - Initializing application scenes
19:54:53.551 [FXGL Background Thread 1 ] DEBUG GameWorld            - Game world initialized
19:54:53.610 [FXGL Background Thread 1 ] DEBUG PhysicsWorld         - Physics world initialized: appHeight=720, physics.ppm=50,0
19:54:53.610 [FXGL Background Thread 1 ] DEBUG PhysicsWorld         - Using strategy: BRUTE_FORCE
19:54:53.620 [FXGL Background Thread 1 ] DEBUG GameScene            - Game scene initialized: 1280x720
19:54:53.626 [FXGL Background Thread 1 ] DEBUG FXGLAssetLoaderServi - Loading from file system: file:/C:/Users/brend/IdeaProjects/MavenWorkspace/InitFXGL/target/classes/assets/textures/leafVillageIcon.png
19:54:53.647 [FXGL Background Thread 1 ] DEBUG FXGLAssetLoaderServi - Loading from file system: file:/C:/Users/brend/IdeaProjects/MavenWorkspace/InitFXGL/target/classes/assets/textures/sandVillageIcon.png
19:54:53.653 [FXGL Background Thread 1 ] DEBUG FXGLAssetLoaderServi - Loading from file system: file:/C:/Users/brend/IdeaProjects/MavenWorkspace/InitFXGL/target/classes/assets/textures/mistVillageIcon.png
19:54:53.658 [FXGL Background Thread 1 ] DEBUG FXGLAssetLoaderServi - Loading from file system: file:/C:/Users/brend/IdeaProjects/MavenWorkspace/InitFXGL/target/classes/assets/textures/stoneVillageIcon.png
19:54:53.663 [FXGL Background Thread 1 ] DEBUG FXGLAssetLoaderServi - Loading from file system: file:/C:/Users/brend/IdeaProjects/MavenWorkspace/InitFXGL/target/classes/assets/textures/cloudVillageIcon.png
19:54:53.666 [FXGL Background Thread 1 ] DEBUG FXGLAssetLoaderServi - Loading from file system: file:/C:/Users/brend/IdeaProjects/MavenWorkspace/InitFXGL/target/classes/assets/textures/missingVillage.png
19:54:53.690 [FXGL Background Thread 1 ] DEBUG FXGLAssetLoaderServi - Loading from file system: file:/C:/Users/brend/IdeaProjects/MavenWorkspace/InitFXGL/target/classes/assets/textures/skillsIcons/rasengan.gif
19:54:53.731 [FXGL Background Thread 1 ] DEBUG FXGLAssetLoaderServi - Loading from file system: file:/C:/Users/brend/IdeaProjects/MavenWorkspace/InitFXGL/target/classes/assets/textures/skillsIcons/chidori.gif
19:54:53.828 [FXGL Background Thread 1 ] DEBUG FXGLAssetLoaderServi - Loading from file system: file:/C:/Users/brend/IdeaProjects/MavenWorkspace/InitFXGL/target/classes/assets/textures/ninjaIcons/classicNarutoIcon200x200.png
19:54:53.834 [FXGL Background Thread 1 ] DEBUG FXGLAssetLoaderServi - Loading from file system: file:/C:/Users/brend/IdeaProjects/MavenWorkspace/InitFXGL/target/classes/assets/textures/ninjaIcons/classicSasukeIcon200x200.png
19:54:53.838 [FXGL Background Thread 1 ] DEBUG FXGLAssetLoaderServi - Loading from file system: file:/C:/Users/brend/IdeaProjects/MavenWorkspace/InitFXGL/target/classes/assets/textures/ninjaIcons/classicSakuraIcon200x200.png
19:54:53.842 [FXGL Background Thread 1 ] DEBUG FXGLAssetLoaderServi - Loading from file system: file:/C:/Users/brend/IdeaProjects/MavenWorkspace/InitFXGL/target/classes/assets/textures/ninjaIcons/classicKakashiIcon200x200.png
19:54:53.845 [FXGL Background Thread 1 ] DEBUG FXGLAssetLoaderServi - Loading from file system: file:/C:/Users/brend/IdeaProjects/MavenWorkspace/InitFXGL/target/classes/assets/textures/ninjaIcons/classicShikamaruIcon200x200.png
19:54:53.849 [FXGL Background Thread 1 ] DEBUG FXGLAssetLoaderServi - Loading from file system: file:/C:/Users/brend/IdeaProjects/MavenWorkspace/InitFXGL/target/classes/assets/textures/ninjaIcons/classicInoIcon200x200.png
19:54:53.851 [FXGL Background Thread 1 ] DEBUG FXGLAssetLoaderServi - Loading from file system: file:/C:/Users/brend/IdeaProjects/MavenWorkspace/InitFXGL/target/classes/assets/textures/ninjaIcons/classicChojiIcon200x200.png
19:54:53.855 [FXGL Background Thread 1 ] DEBUG FXGLAssetLoaderServi - Loading from file system: file:/C:/Users/brend/IdeaProjects/MavenWorkspace/InitFXGL/target/classes/assets/textures/ninjaIcons/classicAsumaIcon200x200.png
19:54:53.858 [FXGL Background Thread 1 ] DEBUG FXGLAssetLoaderServi - Loading from file system: file:/C:/Users/brend/IdeaProjects/MavenWorkspace/InitFXGL/target/classes/assets/textures/ninjaIcons/classicLeeIcon200x200.png
19:54:53.862 [FXGL Background Thread 1 ] DEBUG FXGLAssetLoaderServi - Loading from file system: file:/C:/Users/brend/IdeaProjects/MavenWorkspace/InitFXGL/target/classes/assets/textures/ninjaIcons/classicNejiIcon200x200.png
19:54:53.866 [FXGL Background Thread 1 ] DEBUG FXGLAssetLoaderServi - Loading from file system: file:/C:/Users/brend/IdeaProjects/MavenWorkspace/InitFXGL/target/classes/assets/textures/ninjaIcons/classicTentenIcon200x200.png
19:54:53.870 [FXGL Background Thread 1 ] DEBUG FXGLAssetLoaderServi - Loading from file system: file:/C:/Users/brend/IdeaProjects/MavenWorkspace/InitFXGL/target/classes/assets/textures/ninjaIcons/classicGaiIcon200x200.png
19:54:53.872 [FXGL Background Thread 1 ] DEBUG FXGLAssetLoaderServi - Loading from file system: file:/C:/Users/brend/IdeaProjects/MavenWorkspace/InitFXGL/target/classes/assets/textures/ninjaIcons/classicHinataIcon200x200.png
19:54:53.875 [FXGL Background Thread 1 ] DEBUG FXGLAssetLoaderServi - Loading from file system: file:/C:/Users/brend/IdeaProjects/MavenWorkspace/InitFXGL/target/classes/assets/textures/ninjaIcons/classicKibaIcon200x200.png
19:54:53.878 [FXGL Background Thread 1 ] DEBUG FXGLAssetLoaderServi - Loading from file system: file:/C:/Users/brend/IdeaProjects/MavenWorkspace/InitFXGL/target/classes/assets/textures/ninjaIcons/classicShinoIcon200x200.png
19:54:53.882 [FXGL Background Thread 1 ] DEBUG FXGLAssetLoaderServi - Loading from file system: file:/C:/Users/brend/IdeaProjects/MavenWorkspace/InitFXGL/target/classes/assets/textures/ninjaIcons/classicKurenaiIcon200x200.png
19:54:53.885 [FXGL Background Thread 1 ] DEBUG FXGLAssetLoaderServi - Loading from file system: file:/C:/Users/brend/IdeaProjects/MavenWorkspace/InitFXGL/target/classes/assets/textures/ninjaIcons/classicGaaraIcon200x200.png
19:54:53.888 [FXGL Background Thread 1 ] DEBUG FXGLAssetLoaderServi - Loading from file system: file:/C:/Users/brend/IdeaProjects/MavenWorkspace/InitFXGL/target/classes/assets/textures/ninjaIcons/classicTemariIcon200x200.png
19:54:53.890 [FXGL Background Thread 1 ] DEBUG FXGLAssetLoaderServi - Loading from file system: file:/C:/Users/brend/IdeaProjects/MavenWorkspace/InitFXGL/target/classes/assets/textures/ninjaIcons/classicKankuroIcon200x200.png
19:54:53.893 [FXGL Background Thread 1 ] DEBUG FXGLAssetLoaderServi - Loading from file system: file:/C:/Users/brend/IdeaProjects/MavenWorkspace/InitFXGL/target/classes/assets/textures/ninjaIcons/classicBakiIcon200x200.png
19:54:53.904 [FXGL Background Thread 1 ] DEBUG FXGLAssetLoaderServi - Loading from file system: file:/C:/Users/brend/IdeaProjects/MavenWorkspace/InitFXGL/target/classes/assets/textures/backgroundGif.gif
19:54:54.399 [FXGL Background Thread 1 ] DEBUG FXGLAssetLoaderServi - Loading from file system: file:/C:/Users/brend/IdeaProjects/MavenWorkspace/InitFXGL/target/classes/assets/music/musicMenu1.wav
19:54:54.590 [FXGL Background Thread 1 ] DEBUG FXGL.DefaultMenu     - createMenuBodyGameMenu()
19:54:54.601 [FXGL Background Thread 1 ] DEBUG FXGL.DefaultMenu     - createOptionsMenu()
19:54:54.609 [FXGL Background Thread 1 ] DEBUG FXGLAssetLoaderServi - Loading from file system: jar:file:///C:/Users/brend/.m2/repository/com/github/almasb/fxgl/17.3/fxgl-17.3.jar!/fxglassets/textures/particles/smoke.png
19:54:54.697 [FXGL Background Thread 1 ] DEBUG FXGLAssetLoaderServi - Loading from file system: jar:file:///C:/Users/brend/.m2/repository/com/github/almasb/fxgl/17.3/fxgl-17.3.jar!/fxglassets/textures/particles/trace_horizontal.png
19:54:54.717 [FXGL Background Thread 1 ] DEBUG GameApplicationServi - Application scenes initialized
19:54:54.741 [FXGL Background Thread 1 ] DEBUG SystemBundleService  - Loading FXGL system data
19:54:54.750 [FXGL Background Thread 1 ] DEBUG FileSystemAccess     - Reading from: C:\Users\brend\IdeaProjects\MavenWorkspace\InitFXGL\system\fxgl.bundle
19:54:54.768 [FXGL Background Thread 1 ] DEBUG SystemBundleService  - Bundle FXGL: {}
19:54:54.768 [FXGL Background Thread 1 ] DEBUG UpdaterService       - Checking for updates
19:54:54.779 [FXGL Background Thread 4 ] DEBUG FXGLApplication      - Loading fonts
19:54:54.779 [FXGL Background Thread 4 ] DEBUG FXGLAssetLoaderServi - Loading from file system: jar:file:///C:/Users/brend/.m2/repository/com/github/almasb/fxgl/17.3/fxgl-17.3.jar!/fxglassets/ui/fonts/VarelaRound-Regular.ttf
19:54:54.782 [FXGL Background Thread 1 ] DEBUG FXGLApplication      - Loading default localization
19:54:54.784 [FXGL Background Thread 1 ] DEBUG FXGLAssetLoaderServi - Loading from file system: jar:file:///C:/Users/brend/.m2/repository/com/github/almasb/fxgl/17.3/fxgl-17.3.jar!/fxglassets/languages/english.lang
19:54:54.839 [FXGL Background Thread 1 ] INFO  FXGLApplication      - FXGL initialization took: 1,438 sec
19:54:54.857 [JavaFX Application Thread] DEBUG Input                - Registered new binding: action0 - W
19:54:54.858 [JavaFX Application Thread] DEBUG Input                - Registered new binding: action1 - S
19:54:54.858 [FXGL Background Thread 4 ] DEBUG FXGLAssetLoaderServi - Loading from file system: jar:file:///C:/Users/brend/.m2/repository/com/github/almasb/fxgl/17.3/fxgl-17.3.jar!/fxglassets/ui/fonts/Abel-Regular.ttf
19:54:54.859 [JavaFX Application Thread] DEBUG Input                - Registered new binding: action2 - A
19:54:54.860 [JavaFX Application Thread] DEBUG Input                - Registered new binding: action3 - D
19:54:54.860 [JavaFX Application Thread] DEBUG Input                - Registered new binding: Left - Left
19:54:54.861 [JavaFX Application Thread] DEBUG Input                - Registered new binding: Right - Right
19:54:54.861 [FXGL Background Thread 4 ] DEBUG FXGLAssetLoaderServi - Loading from file system: jar:file:///C:/Users/brend/.m2/repository/com/github/almasb/fxgl/17.3/fxgl-17.3.jar!/fxglassets/ui/fonts/TerminalLandMono-Regular.otf
19:54:54.861 [JavaFX Application Thread] DEBUG FXGLAssetLoaderServi - Loading from file system: file:/C:/Users/brend/IdeaProjects/MavenWorkspace/InitFXGL/target/classes/assets/textures/iconKunai.png
19:54:54.865 [FXGL Background Thread 4 ] DEBUG FXGLAssetLoaderServi - Loading from file system: jar:file:///C:/Users/brend/.m2/repository/com/github/almasb/fxgl/17.3/fxgl-17.3.jar!/fxglassets/ui/fonts/Courier-Prime.ttf
19:54:54.875 [JavaFX Application Thread] DEBUG Input                - Registered new binding: Screenshot - CTRL+8
19:54:54.876 [JavaFX Application Thread] DEBUG Input                - Registered new binding: System info dump - CTRL+9
19:54:54.876 [JavaFX Application Thread] DEBUG Input                - Registered new binding: Restart - CTRL+R
19:54:54.878 [JavaFX Application Thread] DEBUG Input                - Registered new binding: Toggle Debug Camera - CTRL+7
19:54:54.883 [JavaFX Application Thread] DEBUG LoopRunner           - Starting loop
19:54:54.883 [JavaFX Application Thread] DEBUG LoopRunner           - Initializing JavaFX AnimationTimerLoop
19:54:54.887 [JavaFX Application Thread] DEBUG Input                - Clearing active input actions
19:54:54.896 [JavaFX Application Thread] DEBUG GameApplicationServi - Removing overlay from FXGLStartupScene and adding to FXGLMainMenuDummyScene
19:54:54.896 [JavaFX Application Thread] DEBUG PrimaryStageWindow   - FXGLStartupScene -> FXGLMainMenuDummyScene
19:54:54.896 [JavaFX Application Thread] DEBUG PrimaryStageWindow   - Push state: MainMenu
19:54:54.897 [JavaFX Application Thread] DEBUG Input                - Clearing active input actions
19:54:54.901 [JavaFX Application Thread] DEBUG GameApplicationServi - Removing overlay from FXGLMainMenuDummyScene and adding to MainMenu
19:54:54.902 [JavaFX Application Thread] DEBUG PrimaryStageWindow   - FXGLMainMenuDummyScene -> MainMenu
19:54:54.931 [JavaFX Application Thread] DEBUG FXGLApplication      - Registering font factories with UI factory
19:54:57.775 [FXGL Background Thread 3 ] DEBUG Engine               - Logging environment variables
19:54:57.775 [FXGL Background Thread 3 ] DEBUG Engine               - achievements: []
19:54:57.775 [FXGL Background Thread 3 ] DEBUG Engine               - actualHeight: 720.0
19:54:57.775 [FXGL Background Thread 3 ] DEBUG Engine               - actualHeightProperty: ReadOnlyDoubleProperty [value: 720.0]
19:54:57.775 [FXGL Background Thread 3 ] DEBUG Engine               - actualWidth: 1280.0
19:54:57.775 [FXGL Background Thread 3 ] DEBUG Engine               - actualWidthProperty: ReadOnlyDoubleProperty [value: 1280.0]
19:54:57.775 [FXGL Background Thread 3 ] DEBUG Engine               - appIcon: iconKunai.png
19:54:57.775 [FXGL Background Thread 3 ] DEBUG Engine               - applicationMode: DEVELOPER
19:54:57.775 [FXGL Background Thread 3 ] DEBUG Engine               - cSSList: [fxgl_dark.css]
19:54:57.776 [FXGL Background Thread 3 ] DEBUG Engine               - collisionDetectionStrategy: BRUTE_FORCE
19:54:57.776 [FXGL Background Thread 3 ] DEBUG Engine               - configClass: Optional.empty
19:54:57.776 [FXGL Background Thread 3 ] DEBUG Engine               - credits: []
19:54:57.776 [FXGL Background Thread 3 ] DEBUG Engine               - defaultCursor: CursorInfo(imageName=iconKunai.png, hotspotX=7.0, hotspotY=6.0)
19:54:57.776 [FXGL Background Thread 3 ] DEBUG Engine               - devBBoxColorProperty: ObjectProperty [value: 0xff0000ff]
19:54:57.776 [FXGL Background Thread 3 ] DEBUG Engine               - devEnableDebugCameraProperty: BooleanProperty [value: false]
19:54:57.776 [FXGL Background Thread 3 ] DEBUG Engine               - devSensorColorProperty: ObjectProperty [value: 0xffff00ff]
19:54:57.776 [FXGL Background Thread 3 ] DEBUG Engine               - devShowBBoxProperty: BooleanProperty [value: false]
19:54:57.776 [FXGL Background Thread 3 ] DEBUG Engine               - devShowPositionProperty: BooleanProperty [value: false]
19:54:57.776 [FXGL Background Thread 3 ] DEBUG Engine               - enabledMenuItems: []
19:54:57.776 [FXGL Background Thread 3 ] DEBUG Engine               - engineServices: [class com.almasb.fxgl.app.services.FXGLAssetLoaderService, class com.almasb.fxgl.app.FXGLApplication$GameApplicationService, class com.almasb.fxgl.app.services.FXGLDialogService, class com.almasb.fxgl.app.services.IOTaskExecutorService, class com.almasb.fxgl.io.FileSystemService, class com.almasb.fxgl.localization.LocalizationService, class com.almasb.fxgl.app.services.SystemBundleService, class com.almasb.fxgl.profile.SaveLoadService, class com.almasb.fxgl.ui.FXGLUIFactoryServiceProvider, class com.almasb.fxgl.ui.FXGLDialogFactoryServiceProvider, class com.almasb.fxgl.audio.AudioPlayer, class com.almasb.fxgl.notification.impl.NotificationServiceProvider, class com.almasb.fxgl.achievement.AchievementService, class com.almasb.fxgl.cutscene.CutsceneService, class com.almasb.fxgl.minigames.MiniGameService, class com.almasb.fxgl.net.NetService, class com.almasb.fxgl.app.services.UpdaterService, class com.almasb.fxgl.dev.DevService]
19:54:57.776 [FXGL Background Thread 3 ] DEBUG Engine               - fontGame: Abel-Regular.ttf
19:54:57.777 [FXGL Background Thread 3 ] DEBUG Engine               - fontMono: TerminalLandMono-Regular.otf
19:54:57.777 [FXGL Background Thread 3 ] DEBUG Engine               - fontSizeScaleUI: 1.0
19:54:57.777 [FXGL Background Thread 3 ] DEBUG Engine               - fontText: Courier-Prime.ttf
19:54:57.777 [FXGL Background Thread 3 ] DEBUG Engine               - fontUI: VarelaRound-Regular.ttf
19:54:57.777 [FXGL Background Thread 3 ] DEBUG Engine               - fullScreen: BooleanProperty [value: false]
19:54:57.777 [FXGL Background Thread 3 ] DEBUG Engine               - gameDifficulty: MEDIUM
19:54:57.777 [FXGL Background Thread 3 ] DEBUG Engine               - gameDifficultyProperty: ObjectProperty [value: MEDIUM]
19:54:57.777 [FXGL Background Thread 3 ] DEBUG Engine               - globalMusicVolume: 0.5
19:54:57.777 [FXGL Background Thread 3 ] DEBUG Engine               - globalMusicVolumeProperty: DoubleProperty [value: 0.5]
19:54:57.777 [FXGL Background Thread 3 ] DEBUG Engine               - globalSoundVolume: 0.5
19:54:57.777 [FXGL Background Thread 3 ] DEBUG Engine               - globalSoundVolumeProperty: DoubleProperty [value: 0.5]
19:54:57.777 [FXGL Background Thread 3 ] DEBUG Engine               - height: 720
19:54:57.777 [FXGL Background Thread 3 ] DEBUG Engine               - is3D: true
19:54:57.777 [FXGL Background Thread 3 ] DEBUG Engine               - isAndroid: false
19:54:57.777 [FXGL Background Thread 3 ] DEBUG Engine               - isBrowser: false
19:54:57.777 [FXGL Background Thread 3 ] DEBUG Engine               - isClickFeedbackEnabled: false
19:54:57.777 [FXGL Background Thread 3 ] DEBUG Engine               - isCloseConfirmation: false
19:54:57.777 [FXGL Background Thread 3 ] DEBUG Engine               - isDesktop: true
19:54:57.777 [FXGL Background Thread 3 ] DEBUG Engine               - isDeveloperMenuEnabled: false
19:54:57.777 [FXGL Background Thread 3 ] DEBUG Engine               - isEmbedded: false
19:54:57.777 [FXGL Background Thread 3 ] DEBUG Engine               - isEntityPreloadEnabled: true
19:54:57.777 [FXGL Background Thread 3 ] DEBUG Engine               - isExperimentalTiledLargeMap: false
19:54:57.777 [FXGL Background Thread 3 ] DEBUG Engine               - isFileSystemWriteAllowed: true
19:54:57.778 [FXGL Background Thread 3 ] DEBUG Engine               - isFullScreenAllowed: false
19:54:57.778 [FXGL Background Thread 3 ] DEBUG Engine               - isFullScreenFromStart: false
19:54:57.778 [FXGL Background Thread 3 ] DEBUG Engine               - isGameMenuEnabled: true
19:54:57.778 [FXGL Background Thread 3 ] DEBUG Engine               - isIOS: false
19:54:57.778 [FXGL Background Thread 3 ] DEBUG Engine               - isIntroEnabled: false
19:54:57.778 [FXGL Background Thread 3 ] DEBUG Engine               - isLinux: false
19:54:57.778 [FXGL Background Thread 3 ] DEBUG Engine               - isMac: false
19:54:57.778 [FXGL Background Thread 3 ] DEBUG Engine               - isMainMenuEnabled: true
19:54:57.778 [FXGL Background Thread 3 ] DEBUG Engine               - isManualResizeEnabled: true
19:54:57.778 [FXGL Background Thread 3 ] DEBUG Engine               - isMobile: false
19:54:57.778 [FXGL Background Thread 3 ] DEBUG Engine               - isNative: false
19:54:57.778 [FXGL Background Thread 3 ] DEBUG Engine               - isPauseMusicWhenMinimized: true
19:54:57.778 [FXGL Background Thread 3 ] DEBUG Engine               - isPreserveResizeRatio: false
19:54:57.778 [FXGL Background Thread 3 ] DEBUG Engine               - isProfilingEnabled: false
19:54:57.778 [FXGL Background Thread 3 ] DEBUG Engine               - isScaleAffectedOnResize: true
19:54:57.778 [FXGL Background Thread 3 ] DEBUG Engine               - isSingleStep: false
19:54:57.778 [FXGL Background Thread 3 ] DEBUG Engine               - isUserProfileEnabled: false
19:54:57.778 [FXGL Background Thread 3 ] DEBUG Engine               - isWindows: true
19:54:57.778 [FXGL Background Thread 3 ] DEBUG Engine               - language: ObjectProperty [value: ENGLISH]
19:54:57.778 [FXGL Background Thread 3 ] DEBUG Engine               - menuKey: ESCAPE
19:54:57.778 [FXGL Background Thread 3 ] DEBUG Engine               - mouseSensitivity: 0.2
19:54:57.778 [FXGL Background Thread 3 ] DEBUG Engine               - notificationViewClass: class com.almasb.fxgl.notification.view.XboxNotificationView
19:54:57.778 [FXGL Background Thread 3 ] DEBUG Engine               - pixelsPerMeter: 50.0
19:54:57.778 [FXGL Background Thread 3 ] DEBUG Engine               - platform: WINDOWS
19:54:57.778 [FXGL Background Thread 3 ] DEBUG Engine               - prefHeightProperty: ReadOnlyDoubleProperty [value: 720.0]
19:54:57.778 [FXGL Background Thread 3 ] DEBUG Engine               - prefWidthProperty: ReadOnlyDoubleProperty [value: 1280.0]
19:54:57.778 [FXGL Background Thread 3 ] DEBUG Engine               - profileDir: profiles/
19:54:57.778 [FXGL Background Thread 3 ] DEBUG Engine               - profileName: StringProperty [value: DEFAULT]
19:54:57.778 [FXGL Background Thread 3 ] DEBUG Engine               - randomSeed: -1
19:54:57.780 [FXGL Background Thread 3 ] DEBUG Engine               - runtimeInfo: RuntimeInfo(platform=WINDOWS, version=17.3, build=30.03.2023 11.49)
19:54:57.780 [FXGL Background Thread 3 ] DEBUG Engine               - saveFileExt: sav
19:54:57.780 [FXGL Background Thread 3 ] DEBUG Engine               - scaledHeightProp$fxgl: DoubleProperty [bound, value: 720.0]
19:54:57.780 [FXGL Background Thread 3 ] DEBUG Engine               - scaledWidthProp$fxgl: DoubleProperty [bound, value: 1280.0]
19:54:57.780 [FXGL Background Thread 3 ] DEBUG Engine               - sceneFactory: com.brendondias.game.launcher.NarutoNinjaWarApp$1@33a7051
19:54:57.780 [FXGL Background Thread 3 ] DEBUG Engine               - secondsIn24h: 60
19:54:57.780 [FXGL Background Thread 3 ] DEBUG Engine               - soundMenuBack: menu/back.wav
19:54:57.780 [FXGL Background Thread 3 ] DEBUG Engine               - soundMenuPress: menu/press.wav
19:54:57.780 [FXGL Background Thread 3 ] DEBUG Engine               - soundMenuSelect: menu/select.wav
19:54:57.780 [FXGL Background Thread 3 ] DEBUG Engine               - soundNotification: core/notification.wav
19:54:57.780 [FXGL Background Thread 3 ] DEBUG Engine               - stageStyle: DECORATED
19:54:57.780 [FXGL Background Thread 3 ] DEBUG Engine               - supportedLanguages: [ENGLISH, FRENCH, GERMAN, HUNGARIAN, RUSSIAN]
19:54:57.780 [FXGL Background Thread 3 ] DEBUG Engine               - ticksPerSecond: -1
19:54:57.780 [FXGL Background Thread 3 ] DEBUG Engine               - title: Naruto Ninja War
19:54:57.780 [FXGL Background Thread 3 ] DEBUG Engine               - urlGithub: https://github.com/AlmasB/FXGL
19:54:57.780 [FXGL Background Thread 3 ] DEBUG Engine               - urlLeaderboard: http://fxgl-top.herokuapp.com/
19:54:57.780 [FXGL Background Thread 3 ] DEBUG Engine               - urlPOM: https://raw.githubusercontent.com/AlmasB/FXGL/release/README.md
19:54:57.780 [FXGL Background Thread 3 ] DEBUG Engine               - userAppClass: class com.brendondias.game.launcher.NarutoNinjaWarApp
19:54:57.780 [FXGL Background Thread 3 ] DEBUG Engine               - version: 1.0
19:54:57.780 [FXGL Background Thread 3 ] DEBUG Engine               - versionCheckDays: 7
19:54:57.781 [FXGL Background Thread 3 ] DEBUG Engine               - width: 1280
19:54:57.781 [FXGL Background Thread 3 ] DEBUG Engine               - Logging services
19:54:57.781 [FXGL Background Thread 3 ] DEBUG Engine               - class com.almasb.fxgl.app.services.FXGLAssetLoaderService
19:54:57.781 [FXGL Background Thread 3 ] DEBUG Engine               - class com.almasb.fxgl.app.FXGLApplication$GameApplicationService
19:54:57.781 [FXGL Background Thread 3 ] DEBUG Engine               - class com.almasb.fxgl.app.services.FXGLDialogService
19:54:57.781 [FXGL Background Thread 3 ] DEBUG Engine               - class com.almasb.fxgl.app.services.IOTaskExecutorService
19:54:57.781 [FXGL Background Thread 3 ] DEBUG Engine               - class com.almasb.fxgl.io.FileSystemService
19:54:57.781 [FXGL Background Thread 3 ] DEBUG Engine               - class com.almasb.fxgl.localization.LocalizationService
19:54:57.781 [FXGL Background Thread 3 ] DEBUG Engine               - class com.almasb.fxgl.app.services.SystemBundleService
19:54:57.781 [FXGL Background Thread 3 ] DEBUG Engine               - class com.almasb.fxgl.profile.SaveLoadService
19:54:57.781 [FXGL Background Thread 3 ] DEBUG Engine               - class com.almasb.fxgl.ui.FXGLUIFactoryServiceProvider
19:54:57.781 [FXGL Background Thread 3 ] DEBUG Engine               - class com.almasb.fxgl.ui.FXGLDialogFactoryServiceProvider
19:54:57.781 [FXGL Background Thread 3 ] DEBUG Engine               - class com.almasb.fxgl.audio.AudioPlayer
19:54:57.781 [FXGL Background Thread 3 ] DEBUG Engine               - class com.almasb.fxgl.notification.impl.NotificationServiceProvider
19:54:57.781 [FXGL Background Thread 3 ] DEBUG Engine               - class com.almasb.fxgl.achievement.AchievementService
19:54:57.781 [FXGL Background Thread 3 ] DEBUG Engine               - class com.almasb.fxgl.cutscene.CutsceneService
19:54:57.781 [FXGL Background Thread 3 ] DEBUG Engine               - class com.almasb.fxgl.minigames.MiniGameService
19:54:57.781 [FXGL Background Thread 3 ] DEBUG Engine               - class com.almasb.fxgl.net.NetService
19:54:57.781 [FXGL Background Thread 3 ] DEBUG Engine               - class com.almasb.fxgl.app.services.UpdaterService
19:54:57.781 [FXGL Background Thread 3 ] DEBUG Engine               - class com.almasb.fxgl.dev.DevService
19:55:00.210 [JavaFX Application Thread] DEBUG FXGLAssetLoaderServi - Loading from file system: file:/C:/Users/brend/IdeaProjects/MavenWorkspace/InitFXGL/target/classes/assets/textures/backgroundInitGameMenu.png
19:55:28.341 [JavaFX Application Thread] DEBUG GameApplicationServi - Starting new game
19:55:28.341 [JavaFX Application Thread] DEBUG PrimaryStageWindow   - Pop state: MainMenu
19:55:28.341 [JavaFX Application Thread] DEBUG Input                - Clearing active input actions
19:55:28.341 [JavaFX Application Thread] DEBUG GameApplicationServi - Removing overlay from MainMenu and adding to FXGLMainMenuDummyScene
19:55:28.341 [JavaFX Application Thread] DEBUG PrimaryStageWindow   - FXGLMainMenuDummyScene <- MainMenu
19:55:28.342 [JavaFX Application Thread] DEBUG Input                - Clearing active input actions
19:55:28.348 [JavaFX Application Thread] DEBUG GameApplicationServi - Removing overlay from FXGLMainMenuDummyScene and adding to FXGLLoadingScene
19:55:28.348 [JavaFX Application Thread] DEBUG PrimaryStageWindow   - FXGLMainMenuDummyScene -> FXGLLoadingScene
19:55:28.348 [JavaFX Application Thread] DEBUG GameApplicationServi - Clearing previous game
19:55:28.348 [JavaFX Application Thread] DEBUG GameScene            - Clearing game scene
19:55:28.348 [JavaFX Application Thread] DEBUG GameWorld            - Clearing game world
19:55:28.348 [JavaFX Application Thread] DEBUG PhysicsWorld         - Clearing physics world
19:55:28.351 [FXGL Background Thread 2 ] DEBUG FXGLApplication      - Initializing game
19:55:28.378 [FXGL Background Thread 2 ] WARN  Entity               - Entity already has component: com.almasb.fxgl.entity.components.CollidableComponent
19:55:28.382 [FXGL Background Thread 2 ] DEBUG FXGLAssetLoaderServi - Loading from file system: file:/C:/Users/brend/IdeaProjects/MavenWorkspace/InitFXGL/target/classes/assets/textures/itachiComplete_strip10.png
19:55:28.415 [FXGL Background Thread 2 ] WARN  GameWorld            - Entity is already attached to world
19:55:28.416 [FXGL Background Thread 2 ] DEBUG FXGLAssetLoaderServi - Loading from file system: file:/C:/Users/brend/IdeaProjects/MavenWorkspace/InitFXGL/target/classes/assets/textures/map.gif
19:55:28.453 [FXGL Background Thread 2 ] DEBUG FXGLAssetLoaderServi - Loading from file system: file:/C:/Users/brend/IdeaProjects/MavenWorkspace/InitFXGL/target/classes/assets/textures/chess.png
19:55:28.467 [FXGL Background Thread 2 ] WARN  GameWorld            - Entity is already attached to world
19:55:28.468 [FXGL Background Thread 2 ] DEBUG FXGLAssetLoaderServi - Loading from file system: file:/C:/Users/brend/IdeaProjects/MavenWorkspace/InitFXGL/target/classes/assets/textures/backgroundFinalImage2.png
19:55:28.487 [FXGL Background Thread 2 ] DEBUG FXGLAssetLoaderServi - Loading from file system: file:/C:/Users/brend/IdeaProjects/MavenWorkspace/InitFXGL/target/classes/assets/textures/rightPanelImage.png
19:55:28.491 [FXGL Background Thread 2 ] DEBUG FXGLAssetLoaderServi - Loading from file system: file:/C:/Users/brend/IdeaProjects/MavenWorkspace/InitFXGL/target/classes/assets/textures/bottomPanelImage.png
19:55:28.496 [FXGL Background Thread 2 ] INFO  FXGLApplication      - Game initialization took: 0,145 sec
19:55:28.496 [JavaFX Application Thread] DEBUG Input                - Clearing active input actions
19:55:28.504 [JavaFX Application Thread] DEBUG GameApplicationServi - Removing overlay from FXGLLoadingScene and adding to GameScene
19:55:28.504 [JavaFX Application Thread] DEBUG PrimaryStageWindow   - FXGLLoadingScene -> GameScene
19:55:57.354 [JavaFX Application Thread] DEBUG FXGLApplication      - Exiting FXGL
19:55:57.354 [JavaFX Application Thread] DEBUG LoopRunner           - Stopping loop
19:55:57.354 [JavaFX Application Thread] DEBUG SystemBundleService  - Saving FXGL system data
19:55:57.357 [JavaFX Application Thread] DEBUG FileSystemAccess     - Writing to: C:\Users\brend\IdeaProjects\MavenWorkspace\InitFXGL\system\fxgl.bundle
19:55:57.359 [JavaFX Application Thread] DEBUG Async                - Shutting down background threads
19:55:57.360 [JavaFX Application Thread] DEBUG PrimaryStageWindow   - Closing main window
19:55:57.375 [JavaFX Application Thread] DEBUG Logger               - Closing Logger
