12:12:32.405 [main                     ] DEBUG Logger               - Configured Logger
12:12:32.427 [main                     ] DEBUG GameApplication      - Logging settings
Title: Naruto Ninja War
Version: 1.0
Width: 1280
Height: 720
Fullscreen: false
Intro: false
Profiling: false
Single step:false
App Mode: DEVELOPER
Menu Key: ESCAPE
Stage Style: DECORATED
Scene Factory: class com.brendondias.game.launcher.NarutoNinjaWarApp$1

12:12:32.759 [JavaFX Application Thread] DEBUG FXGLApplication      - Initializing FXGL
12:12:32.763 [JavaFX Application Thread] INFO  Engine               - FXGL-17.3 (30.03.2023 11.49) on WINDOWS (J:20 FX:20)
12:12:32.763 [JavaFX Application Thread] DEBUG Engine               - JRE Vendor Name: Oracle Corporation
12:12:32.763 [JavaFX Application Thread] DEBUG Engine               - Running on OS: Windows 11 version 10.0
12:12:32.765 [JavaFX Application Thread] DEBUG Engine               - Architecture: amd64
12:12:32.765 [JavaFX Application Thread] INFO  Engine               - Source code and latest versions at: https://github.com/AlmasB/FXGL
12:12:32.765 [JavaFX Application Thread] INFO  Engine               -       Ask questions and discuss at: https://github.com/AlmasB/FXGL/discussions
12:12:32.765 [JavaFX Application Thread] INFO  Engine               -              Join the FXGL chat at: https://gitter.im/AlmasB/FXGL
12:12:32.841 [JavaFX Application Thread] DEBUG PrimaryStageWindow   - Creating a JavaFX scene
12:12:32.882 [JavaFX Application Thread] DEBUG PrimaryStageWindow   - Target settings size: 1280.0 x 720.0
12:12:32.883 [JavaFX Application Thread] DEBUG PrimaryStageWindow   - Scaled scene size:    1280.0 x 720.0
12:12:32.883 [JavaFX Application Thread] DEBUG PrimaryStageWindow   - Scaled ratio: (1.0, 1.0)
12:12:32.884 [JavaFX Application Thread] DEBUG PrimaryStageWindow   - Set initial scene to FXGLStartupScene
12:12:32.887 [JavaFX Application Thread] DEBUG PrimaryStageWindow   - Opening main window
12:12:32.968 [JavaFX Application Thread] DEBUG PrimaryStageWindow   - Window border size: (14.4000244140625, 37.5999755859375)
12:12:32.968 [JavaFX Application Thread] DEBUG PrimaryStageWindow   - Scaled size: 1280.0 x 720.0
12:12:32.969 [JavaFX Application Thread] DEBUG PrimaryStageWindow   - Scaled ratio: (1.0, 1.0)
12:12:32.969 [JavaFX Application Thread] DEBUG PrimaryStageWindow   - Scene size: 1280.0 x 720.0
12:12:32.969 [JavaFX Application Thread] DEBUG PrimaryStageWindow   - Stage size: 1294.4000244140625 x 757.5999755859375
12:12:32.984 [FXGL Background Thread 1 ] DEBUG Engine               - Initializing environment variables
12:12:33.048 [FXGL Background Thread 1 ] DEBUG FXGLAssetLoaderServi - User app class for loading assets: class com.brendondias.game.launcher.NarutoNinjaWarApp
12:12:33.048 [FXGL Background Thread 1 ] DEBUG GameApplicationServi - Applying CSS: fxgl_dark.css
12:12:33.049 [FXGL Background Thread 1 ] DEBUG FXGLAssetLoaderServi - Loading from file system: jar:file:///C:/Users/brend/.m2/repository/com/github/almasb/fxgl/17.3/fxgl-17.3.jar!/fxglassets/ui/css/fxgl_dark.css
12:12:33.104 [FXGL Background Thread 1 ] DEBUG GameApplicationServi - Initializing application scenes
12:12:33.155 [FXGL Background Thread 1 ] DEBUG GameWorld            - Game world initialized
12:12:33.224 [FXGL Background Thread 1 ] DEBUG PhysicsWorld         - Physics world initialized: appHeight=720, physics.ppm=50,0
12:12:33.225 [FXGL Background Thread 1 ] DEBUG PhysicsWorld         - Using strategy: BRUTE_FORCE
12:12:33.237 [FXGL Background Thread 1 ] DEBUG GameScene            - Game scene initialized: 1280x720
12:12:33.259 [FXGL Background Thread 1 ] DEBUG FXGL.DefaultMenu     - createMenuBodyGameMenu()
12:12:33.280 [FXGL Background Thread 1 ] DEBUG FXGL.DefaultMenu     - createOptionsMenu()
12:12:33.288 [FXGL Background Thread 1 ] DEBUG FXGLAssetLoaderServi - Loading from file system: jar:file:///C:/Users/brend/.m2/repository/com/github/almasb/fxgl/17.3/fxgl-17.3.jar!/fxglassets/textures/particles/smoke.png
12:12:33.365 [FXGL Background Thread 1 ] DEBUG FXGLAssetLoaderServi - Loading from file system: jar:file:///C:/Users/brend/.m2/repository/com/github/almasb/fxgl/17.3/fxgl-17.3.jar!/fxglassets/textures/particles/trace_horizontal.png
12:12:33.385 [FXGL Background Thread 1 ] DEBUG GameApplicationServi - Application scenes initialized
12:12:33.395 [FXGL Background Thread 1 ] DEBUG SystemBundleService  - Loading FXGL system data
12:12:33.399 [FXGL Background Thread 1 ] DEBUG FileSystemAccess     - Reading from: C:\Users\brend\IdeaProjects\MavenWorkspace\InitFXGL\system\fxgl.bundle
12:12:33.408 [FXGL Background Thread 1 ] DEBUG SystemBundleService  - Bundle FXGL: {}
12:12:33.408 [FXGL Background Thread 1 ] DEBUG UpdaterService       - Checking for updates
12:12:33.412 [FXGL Background Thread 4 ] DEBUG FXGLApplication      - Loading fonts
12:12:33.413 [FXGL Background Thread 4 ] DEBUG FXGLAssetLoaderServi - Loading from file system: jar:file:///C:/Users/brend/.m2/repository/com/github/almasb/fxgl/17.3/fxgl-17.3.jar!/fxglassets/ui/fonts/VarelaRound-Regular.ttf
12:12:33.413 [FXGL Background Thread 1 ] DEBUG FXGLApplication      - Loading default localization
12:12:33.414 [FXGL Background Thread 1 ] DEBUG FXGLAssetLoaderServi - Loading from file system: jar:file:///C:/Users/brend/.m2/repository/com/github/almasb/fxgl/17.3/fxgl-17.3.jar!/fxglassets/languages/english.lang
12:12:33.431 [FXGL Background Thread 1 ] INFO  FXGLApplication      - FXGL initialization took: 0,447 sec
12:12:33.446 [JavaFX Application Thread] DEBUG Input                - Registered new binding: action0 - W
12:12:33.446 [JavaFX Application Thread] DEBUG Input                - Registered new binding: action1 - S
12:12:33.447 [JavaFX Application Thread] DEBUG Input                - Registered new binding: action2 - A
12:12:33.447 [JavaFX Application Thread] DEBUG Input                - Registered new binding: action3 - D
12:12:33.447 [JavaFX Application Thread] DEBUG Input                - Registered new binding: Left - Left
12:12:33.447 [JavaFX Application Thread] DEBUG Input                - Registered new binding: Right - Right
12:12:33.448 [JavaFX Application Thread] DEBUG FXGLAssetLoaderServi - Loading from file system: file:/C:/Users/brend/IdeaProjects/MavenWorkspace/InitFXGL/target/classes/assets/textures/iconKunai.png
12:12:33.479 [FXGL Background Thread 4 ] DEBUG FXGLAssetLoaderServi - Loading from file system: jar:file:///C:/Users/brend/.m2/repository/com/github/almasb/fxgl/17.3/fxgl-17.3.jar!/fxglassets/ui/fonts/Abel-Regular.ttf
12:12:33.484 [FXGL Background Thread 4 ] DEBUG FXGLAssetLoaderServi - Loading from file system: jar:file:///C:/Users/brend/.m2/repository/com/github/almasb/fxgl/17.3/fxgl-17.3.jar!/fxglassets/ui/fonts/TerminalLandMono-Regular.otf
12:12:33.484 [JavaFX Application Thread] DEBUG Input                - Registered new binding: Screenshot - CTRL+8
12:12:33.485 [JavaFX Application Thread] DEBUG Input                - Registered new binding: System info dump - CTRL+9
12:12:33.485 [JavaFX Application Thread] DEBUG Input                - Registered new binding: Restart - CTRL+R
12:12:33.486 [JavaFX Application Thread] DEBUG Input                - Registered new binding: Toggle Debug Camera - CTRL+7
12:12:33.487 [FXGL Background Thread 4 ] DEBUG FXGLAssetLoaderServi - Loading from file system: jar:file:///C:/Users/brend/.m2/repository/com/github/almasb/fxgl/17.3/fxgl-17.3.jar!/fxglassets/ui/fonts/Courier-Prime.ttf
12:12:33.489 [JavaFX Application Thread] DEBUG LoopRunner           - Starting loop
12:12:33.489 [JavaFX Application Thread] DEBUG LoopRunner           - Initializing JavaFX AnimationTimerLoop
12:12:33.490 [JavaFX Application Thread] DEBUG GameApplicationServi - Starting new game
12:12:33.491 [JavaFX Application Thread] DEBUG Input                - Clearing active input actions
12:12:33.502 [JavaFX Application Thread] DEBUG GameApplicationServi - Removing overlay from FXGLStartupScene and adding to FXGLLoadingScene
12:12:33.503 [JavaFX Application Thread] DEBUG PrimaryStageWindow   - FXGLStartupScene -> FXGLLoadingScene
12:12:33.503 [JavaFX Application Thread] DEBUG GameApplicationServi - Clearing previous game
12:12:33.503 [JavaFX Application Thread] DEBUG GameScene            - Clearing game scene
12:12:33.503 [JavaFX Application Thread] DEBUG GameWorld            - Clearing game world
12:12:33.504 [JavaFX Application Thread] DEBUG PhysicsWorld         - Clearing physics world
12:12:33.506 [JavaFX Application Thread] DEBUG FXGLApplication      - Registering font factories with UI factory
12:12:33.506 [FXGL Background Thread 4 ] DEBUG FXGLApplication      - Initializing game
12:12:33.520 [FXGL Background Thread 4 ] DEBUG FXGLAssetLoaderServi - Loading from file system: file:/C:/Users/brend/IdeaProjects/MavenWorkspace/InitFXGL/target/classes/assets/textures/backgroundGif.gif
12:12:34.466 [FXGL Background Thread 4 ] WARN  Entity               - Entity already has component: com.almasb.fxgl.entity.components.CollidableComponent
12:12:34.469 [FXGL Background Thread 4 ] DEBUG FXGLAssetLoaderServi - Loading from file system: file:/C:/Users/brend/IdeaProjects/MavenWorkspace/InitFXGL/target/classes/assets/textures/itachiComplete_strip10.png
12:12:34.494 [FXGL Background Thread 4 ] WARN  GameWorld            - Entity is already attached to world
12:12:34.495 [FXGL Background Thread 4 ] DEBUG FXGLAssetLoaderServi - Loading from file system: file:/C:/Users/brend/IdeaProjects/MavenWorkspace/InitFXGL/target/classes/assets/textures/map.gif
12:12:34.582 [FXGL Background Thread 4 ] DEBUG FXGLAssetLoaderServi - Loading from file system: file:/C:/Users/brend/IdeaProjects/MavenWorkspace/InitFXGL/target/classes/assets/textures/skillsIcons/chidori.gif
12:12:34.674 [FXGL Background Thread 4 ] DEBUG FXGLAssetLoaderServi - Loading from file system: file:/C:/Users/brend/IdeaProjects/MavenWorkspace/InitFXGL/target/classes/assets/textures/chess.png
12:12:34.698 [FXGL Background Thread 4 ] WARN  GameWorld            - Entity is already attached to world
12:12:34.701 [FXGL Background Thread 4 ] DEBUG FXGLAssetLoaderServi - Loading from file system: file:/C:/Users/brend/IdeaProjects/MavenWorkspace/InitFXGL/target/classes/assets/textures/backgroundFinalImage2.png
12:12:34.728 [FXGL Background Thread 4 ] DEBUG FXGLAssetLoaderServi - Loading from file system: file:/C:/Users/brend/IdeaProjects/MavenWorkspace/InitFXGL/target/classes/assets/textures/rightPanelImage.png
12:12:34.733 [FXGL Background Thread 4 ] DEBUG FXGLAssetLoaderServi - Loading from file system: file:/C:/Users/brend/IdeaProjects/MavenWorkspace/InitFXGL/target/classes/assets/textures/bottomPanelImage.png
12:12:34.741 [FXGL Background Thread 4 ] INFO  FXGLApplication      - Game initialization took: 1,235 sec
12:12:34.750 [JavaFX Application Thread] DEBUG Input                - Clearing active input actions
12:12:34.757 [JavaFX Application Thread] DEBUG GameApplicationServi - Removing overlay from FXGLLoadingScene and adding to GameScene
12:12:34.757 [JavaFX Application Thread] DEBUG PrimaryStageWindow   - FXGLLoadingScene -> GameScene
12:12:36.412 [FXGL Background Thread 3 ] DEBUG Engine               - Logging environment variables
12:12:36.412 [FXGL Background Thread 3 ] DEBUG Engine               - achievements: []
12:12:36.412 [FXGL Background Thread 3 ] DEBUG Engine               - actualHeight: 720.0
12:12:36.412 [FXGL Background Thread 3 ] DEBUG Engine               - actualHeightProperty: ReadOnlyDoubleProperty [value: 720.0]
12:12:36.412 [FXGL Background Thread 3 ] DEBUG Engine               - actualWidth: 1280.0
12:12:36.412 [FXGL Background Thread 3 ] DEBUG Engine               - actualWidthProperty: ReadOnlyDoubleProperty [value: 1280.0]
12:12:36.412 [FXGL Background Thread 3 ] DEBUG Engine               - appIcon: iconKunai.png
12:12:36.413 [FXGL Background Thread 3 ] DEBUG Engine               - applicationMode: DEVELOPER
12:12:36.413 [FXGL Background Thread 3 ] DEBUG Engine               - cSSList: [fxgl_dark.css]
12:12:36.413 [FXGL Background Thread 3 ] DEBUG Engine               - collisionDetectionStrategy: BRUTE_FORCE
12:12:36.413 [FXGL Background Thread 3 ] DEBUG Engine               - configClass: Optional.empty
12:12:36.413 [FXGL Background Thread 3 ] DEBUG Engine               - credits: []
12:12:36.413 [FXGL Background Thread 3 ] DEBUG Engine               - defaultCursor: CursorInfo(imageName=iconKunai.png, hotspotX=7.0, hotspotY=6.0)
12:12:36.413 [FXGL Background Thread 3 ] DEBUG Engine               - devBBoxColorProperty: ObjectProperty [value: 0xff0000ff]
12:12:36.413 [FXGL Background Thread 3 ] DEBUG Engine               - devEnableDebugCameraProperty: BooleanProperty [value: false]
12:12:36.413 [FXGL Background Thread 3 ] DEBUG Engine               - devSensorColorProperty: ObjectProperty [value: 0xffff00ff]
12:12:36.413 [FXGL Background Thread 3 ] DEBUG Engine               - devShowBBoxProperty: BooleanProperty [value: false]
12:12:36.413 [FXGL Background Thread 3 ] DEBUG Engine               - devShowPositionProperty: BooleanProperty [value: false]
12:12:36.413 [FXGL Background Thread 3 ] DEBUG Engine               - enabledMenuItems: []
12:12:36.413 [FXGL Background Thread 3 ] DEBUG Engine               - engineServices: [class com.almasb.fxgl.app.services.FXGLAssetLoaderService, class com.almasb.fxgl.app.FXGLApplication$GameApplicationService, class com.almasb.fxgl.app.services.FXGLDialogService, class com.almasb.fxgl.app.services.IOTaskExecutorService, class com.almasb.fxgl.io.FileSystemService, class com.almasb.fxgl.localization.LocalizationService, class com.almasb.fxgl.app.services.SystemBundleService, class com.almasb.fxgl.profile.SaveLoadService, class com.almasb.fxgl.ui.FXGLUIFactoryServiceProvider, class com.almasb.fxgl.ui.FXGLDialogFactoryServiceProvider, class com.almasb.fxgl.audio.AudioPlayer, class com.almasb.fxgl.notification.impl.NotificationServiceProvider, class com.almasb.fxgl.achievement.AchievementService, class com.almasb.fxgl.cutscene.CutsceneService, class com.almasb.fxgl.minigames.MiniGameService, class com.almasb.fxgl.net.NetService, class com.almasb.fxgl.app.services.UpdaterService, class com.almasb.fxgl.dev.DevService]
12:12:36.413 [FXGL Background Thread 3 ] DEBUG Engine               - fontGame: Abel-Regular.ttf
12:12:36.413 [FXGL Background Thread 3 ] DEBUG Engine               - fontMono: TerminalLandMono-Regular.otf
12:12:36.414 [FXGL Background Thread 3 ] DEBUG Engine               - fontSizeScaleUI: 1.0
12:12:36.414 [FXGL Background Thread 3 ] DEBUG Engine               - fontText: Courier-Prime.ttf
12:12:36.414 [FXGL Background Thread 3 ] DEBUG Engine               - fontUI: VarelaRound-Regular.ttf
12:12:36.414 [FXGL Background Thread 3 ] DEBUG Engine               - fullScreen: BooleanProperty [value: false]
12:12:36.414 [FXGL Background Thread 3 ] DEBUG Engine               - gameDifficulty: MEDIUM
12:12:36.414 [FXGL Background Thread 3 ] DEBUG Engine               - gameDifficultyProperty: ObjectProperty [value: MEDIUM]
12:12:36.414 [FXGL Background Thread 3 ] DEBUG Engine               - globalMusicVolume: 0.5
12:12:36.414 [FXGL Background Thread 3 ] DEBUG Engine               - globalMusicVolumeProperty: DoubleProperty [value: 0.5]
12:12:36.414 [FXGL Background Thread 3 ] DEBUG Engine               - globalSoundVolume: 0.5
12:12:36.414 [FXGL Background Thread 3 ] DEBUG Engine               - globalSoundVolumeProperty: DoubleProperty [value: 0.5]
12:12:36.414 [FXGL Background Thread 3 ] DEBUG Engine               - height: 720
12:12:36.414 [FXGL Background Thread 3 ] DEBUG Engine               - is3D: true
12:12:36.414 [FXGL Background Thread 3 ] DEBUG Engine               - isAndroid: false
12:12:36.414 [FXGL Background Thread 3 ] DEBUG Engine               - isBrowser: false
12:12:36.414 [FXGL Background Thread 3 ] DEBUG Engine               - isClickFeedbackEnabled: false
12:12:36.414 [FXGL Background Thread 3 ] DEBUG Engine               - isCloseConfirmation: false
12:12:36.414 [FXGL Background Thread 3 ] DEBUG Engine               - isDesktop: true
12:12:36.414 [FXGL Background Thread 3 ] DEBUG Engine               - isDeveloperMenuEnabled: false
12:12:36.414 [FXGL Background Thread 3 ] DEBUG Engine               - isEmbedded: false
12:12:36.414 [FXGL Background Thread 3 ] DEBUG Engine               - isEntityPreloadEnabled: true
12:12:36.414 [FXGL Background Thread 3 ] DEBUG Engine               - isExperimentalTiledLargeMap: false
12:12:36.414 [FXGL Background Thread 3 ] DEBUG Engine               - isFileSystemWriteAllowed: true
12:12:36.414 [FXGL Background Thread 3 ] DEBUG Engine               - isFullScreenAllowed: false
12:12:36.415 [FXGL Background Thread 3 ] DEBUG Engine               - isFullScreenFromStart: false
12:12:36.415 [FXGL Background Thread 3 ] DEBUG Engine               - isGameMenuEnabled: true
12:12:36.415 [FXGL Background Thread 3 ] DEBUG Engine               - isIOS: false
12:12:36.415 [FXGL Background Thread 3 ] DEBUG Engine               - isIntroEnabled: false
12:12:36.415 [FXGL Background Thread 3 ] DEBUG Engine               - isLinux: false
12:12:36.415 [FXGL Background Thread 3 ] DEBUG Engine               - isMac: false
12:12:36.415 [FXGL Background Thread 3 ] DEBUG Engine               - isMainMenuEnabled: false
12:12:36.415 [FXGL Background Thread 3 ] DEBUG Engine               - isManualResizeEnabled: true
12:12:36.415 [FXGL Background Thread 3 ] DEBUG Engine               - isMobile: false
12:12:36.415 [FXGL Background Thread 3 ] DEBUG Engine               - isNative: false
12:12:36.415 [FXGL Background Thread 3 ] DEBUG Engine               - isPauseMusicWhenMinimized: true
12:12:36.415 [FXGL Background Thread 3 ] DEBUG Engine               - isPreserveResizeRatio: false
12:12:36.415 [FXGL Background Thread 3 ] DEBUG Engine               - isProfilingEnabled: false
12:12:36.415 [FXGL Background Thread 3 ] DEBUG Engine               - isScaleAffectedOnResize: true
12:12:36.415 [FXGL Background Thread 3 ] DEBUG Engine               - isSingleStep: false
12:12:36.415 [FXGL Background Thread 3 ] DEBUG Engine               - isUserProfileEnabled: false
12:12:36.415 [FXGL Background Thread 3 ] DEBUG Engine               - isWindows: true
12:12:36.415 [FXGL Background Thread 3 ] DEBUG Engine               - language: ObjectProperty [value: ENGLISH]
12:12:36.415 [FXGL Background Thread 3 ] DEBUG Engine               - menuKey: ESCAPE
12:12:36.415 [FXGL Background Thread 3 ] DEBUG Engine               - mouseSensitivity: 0.2
12:12:36.415 [FXGL Background Thread 3 ] DEBUG Engine               - notificationViewClass: class com.almasb.fxgl.notification.view.XboxNotificationView
12:12:36.415 [FXGL Background Thread 3 ] DEBUG Engine               - pixelsPerMeter: 50.0
12:12:36.416 [FXGL Background Thread 3 ] DEBUG Engine               - platform: WINDOWS
12:12:36.416 [FXGL Background Thread 3 ] DEBUG Engine               - prefHeightProperty: ReadOnlyDoubleProperty [value: 720.0]
12:12:36.416 [FXGL Background Thread 3 ] DEBUG Engine               - prefWidthProperty: ReadOnlyDoubleProperty [value: 1280.0]
12:12:36.416 [FXGL Background Thread 3 ] DEBUG Engine               - profileDir: profiles/
12:12:36.416 [FXGL Background Thread 3 ] DEBUG Engine               - profileName: StringProperty [value: DEFAULT]
12:12:36.416 [FXGL Background Thread 3 ] DEBUG Engine               - randomSeed: -1
12:12:36.416 [FXGL Background Thread 3 ] DEBUG Engine               - runtimeInfo: RuntimeInfo(platform=WINDOWS, version=17.3, build=30.03.2023 11.49)
12:12:36.416 [FXGL Background Thread 3 ] DEBUG Engine               - saveFileExt: sav
12:12:36.416 [FXGL Background Thread 3 ] DEBUG Engine               - scaledHeightProp$fxgl: DoubleProperty [bound, value: 720.0]
12:12:36.416 [FXGL Background Thread 3 ] DEBUG Engine               - scaledWidthProp$fxgl: DoubleProperty [bound, value: 1280.0]
12:12:36.416 [FXGL Background Thread 3 ] DEBUG Engine               - sceneFactory: com.brendondias.game.launcher.NarutoNinjaWarApp$1@6a5329a6
12:12:36.416 [FXGL Background Thread 3 ] DEBUG Engine               - secondsIn24h: 60
12:12:36.416 [FXGL Background Thread 3 ] DEBUG Engine               - soundMenuBack: menu/back.wav
12:12:36.417 [FXGL Background Thread 3 ] DEBUG Engine               - soundMenuPress: menu/press.wav
12:12:36.417 [FXGL Background Thread 3 ] DEBUG Engine               - soundMenuSelect: menu/select.wav
12:12:36.417 [FXGL Background Thread 3 ] DEBUG Engine               - soundNotification: core/notification.wav
12:12:36.417 [FXGL Background Thread 3 ] DEBUG Engine               - stageStyle: DECORATED
12:12:36.417 [FXGL Background Thread 3 ] DEBUG Engine               - supportedLanguages: [ENGLISH, FRENCH, GERMAN, HUNGARIAN, RUSSIAN]
12:12:36.417 [FXGL Background Thread 3 ] DEBUG Engine               - ticksPerSecond: -1
12:12:36.417 [FXGL Background Thread 3 ] DEBUG Engine               - title: Naruto Ninja War
12:12:36.417 [FXGL Background Thread 3 ] DEBUG Engine               - urlGithub: https://github.com/AlmasB/FXGL
12:12:36.417 [FXGL Background Thread 3 ] DEBUG Engine               - urlLeaderboard: http://fxgl-top.herokuapp.com/
12:12:36.417 [FXGL Background Thread 3 ] DEBUG Engine               - urlPOM: https://raw.githubusercontent.com/AlmasB/FXGL/release/README.md
12:12:36.417 [FXGL Background Thread 3 ] DEBUG Engine               - userAppClass: class com.brendondias.game.launcher.NarutoNinjaWarApp
12:12:36.417 [FXGL Background Thread 3 ] DEBUG Engine               - version: 1.0
12:12:36.417 [FXGL Background Thread 3 ] DEBUG Engine               - versionCheckDays: 7
12:12:36.417 [FXGL Background Thread 3 ] DEBUG Engine               - width: 1280
12:12:36.417 [FXGL Background Thread 3 ] DEBUG Engine               - Logging services
12:12:36.417 [FXGL Background Thread 3 ] DEBUG Engine               - class com.almasb.fxgl.app.services.FXGLAssetLoaderService
12:12:36.417 [FXGL Background Thread 3 ] DEBUG Engine               - class com.almasb.fxgl.app.FXGLApplication$GameApplicationService
12:12:36.417 [FXGL Background Thread 3 ] DEBUG Engine               - class com.almasb.fxgl.app.services.FXGLDialogService
12:12:36.417 [FXGL Background Thread 3 ] DEBUG Engine               - class com.almasb.fxgl.app.services.IOTaskExecutorService
12:12:36.417 [FXGL Background Thread 3 ] DEBUG Engine               - class com.almasb.fxgl.io.FileSystemService
12:12:36.417 [FXGL Background Thread 3 ] DEBUG Engine               - class com.almasb.fxgl.localization.LocalizationService
12:12:36.417 [FXGL Background Thread 3 ] DEBUG Engine               - class com.almasb.fxgl.app.services.SystemBundleService
12:12:36.417 [FXGL Background Thread 3 ] DEBUG Engine               - class com.almasb.fxgl.profile.SaveLoadService
12:12:36.417 [FXGL Background Thread 3 ] DEBUG Engine               - class com.almasb.fxgl.ui.FXGLUIFactoryServiceProvider
12:12:36.417 [FXGL Background Thread 3 ] DEBUG Engine               - class com.almasb.fxgl.ui.FXGLDialogFactoryServiceProvider
12:12:36.417 [FXGL Background Thread 3 ] DEBUG Engine               - class com.almasb.fxgl.audio.AudioPlayer
12:12:36.417 [FXGL Background Thread 3 ] DEBUG Engine               - class com.almasb.fxgl.notification.impl.NotificationServiceProvider
12:12:36.418 [FXGL Background Thread 3 ] DEBUG Engine               - class com.almasb.fxgl.achievement.AchievementService
12:12:36.418 [FXGL Background Thread 3 ] DEBUG Engine               - class com.almasb.fxgl.cutscene.CutsceneService
12:12:36.418 [FXGL Background Thread 3 ] DEBUG Engine               - class com.almasb.fxgl.minigames.MiniGameService
12:12:36.418 [FXGL Background Thread 3 ] DEBUG Engine               - class com.almasb.fxgl.net.NetService
12:12:36.418 [FXGL Background Thread 3 ] DEBUG Engine               - class com.almasb.fxgl.app.services.UpdaterService
12:12:36.418 [FXGL Background Thread 3 ] DEBUG Engine               - class com.almasb.fxgl.dev.DevService
12:12:44.744 [JavaFX Application Thread] DEBUG FXGLApplication      - Exiting FXGL
12:12:44.744 [JavaFX Application Thread] DEBUG LoopRunner           - Stopping loop
12:12:44.744 [JavaFX Application Thread] DEBUG SystemBundleService  - Saving FXGL system data
12:12:44.746 [JavaFX Application Thread] DEBUG FileSystemAccess     - Writing to: C:\Users\brend\IdeaProjects\MavenWorkspace\InitFXGL\system\fxgl.bundle
12:12:44.747 [JavaFX Application Thread] DEBUG Async                - Shutting down background threads
12:12:44.747 [JavaFX Application Thread] DEBUG PrimaryStageWindow   - Closing main window
12:12:44.758 [JavaFX Application Thread] DEBUG Logger               - Closing Logger
