21:13:46.634 [main                     ] DEBUG Logger               - Configured Logger
21:13:46.648 [main                     ] DEBUG GameApplication      - Logging settings
Title: Naruto Ninja War
Version: 1.0
Width: 1280
Height: 720
Fullscreen: false
Intro: false
Profiling: false
Single step:false
App Mode: DEVELOPER
Menu Key: ESCAPE
Stage Style: DECORATED
Scene Factory: class com.brendondias.game.launcher.NarutoNinjaWarApp$1

21:13:47.120 [JavaFX Application Thread] DEBUG FXGLApplication      - Initializing FXGL
21:13:47.123 [JavaFX Application Thread] INFO  Engine               - FXGL-17.3 (30.03.2023 11.49) on WINDOWS (J:20 FX:20)
21:13:47.123 [JavaFX Application Thread] DEBUG Engine               - JRE Vendor Name: Oracle Corporation
21:13:47.123 [JavaFX Application Thread] DEBUG Engine               - Running on OS: Windows 11 version 10.0
21:13:47.123 [JavaFX Application Thread] DEBUG Engine               - Architecture: amd64
21:13:47.123 [JavaFX Application Thread] INFO  Engine               - Source code and latest versions at: https://github.com/AlmasB/FXGL
21:13:47.123 [JavaFX Application Thread] INFO  Engine               -       Ask questions and discuss at: https://github.com/AlmasB/FXGL/discussions
21:13:47.123 [JavaFX Application Thread] INFO  Engine               -              Join the FXGL chat at: https://gitter.im/AlmasB/FXGL
21:13:47.205 [JavaFX Application Thread] DEBUG PrimaryStageWindow   - Creating a JavaFX scene
21:13:47.258 [JavaFX Application Thread] DEBUG PrimaryStageWindow   - Target settings size: 1280.0 x 720.0
21:13:47.258 [JavaFX Application Thread] DEBUG PrimaryStageWindow   - Scaled scene size:    1280.0 x 720.0
21:13:47.259 [JavaFX Application Thread] DEBUG PrimaryStageWindow   - Scaled ratio: (1.0, 1.0)
21:13:47.259 [JavaFX Application Thread] DEBUG PrimaryStageWindow   - Set initial scene to FXGLStartupScene
21:13:47.261 [JavaFX Application Thread] DEBUG PrimaryStageWindow   - Opening main window
21:13:47.349 [JavaFX Application Thread] DEBUG PrimaryStageWindow   - Window border size: (14.4000244140625, 37.5999755859375)
21:13:47.350 [JavaFX Application Thread] DEBUG PrimaryStageWindow   - Scaled size: 1280.0 x 720.0
21:13:47.350 [JavaFX Application Thread] DEBUG PrimaryStageWindow   - Scaled ratio: (1.0, 1.0)
21:13:47.350 [JavaFX Application Thread] DEBUG PrimaryStageWindow   - Scene size: 1280.0 x 720.0
21:13:47.350 [JavaFX Application Thread] DEBUG PrimaryStageWindow   - Stage size: 1294.4000244140625 x 757.5999755859375
21:13:47.358 [FXGL Background Thread 1 ] DEBUG Engine               - Initializing environment variables
21:13:47.415 [FXGL Background Thread 1 ] DEBUG FXGLAssetLoaderServi - User app class for loading assets: class com.brendondias.game.launcher.NarutoNinjaWarApp
21:13:47.415 [FXGL Background Thread 1 ] DEBUG GameApplicationServi - Applying CSS: fxgl_dark.css
21:13:47.421 [FXGL Background Thread 1 ] DEBUG FXGLAssetLoaderServi - Loading from file system: jar:file:///C:/Users/brend/.m2/repository/com/github/almasb/fxgl/17.3/fxgl-17.3.jar!/fxglassets/ui/css/fxgl_dark.css
21:13:47.459 [FXGL Background Thread 1 ] DEBUG GameApplicationServi - Initializing application scenes
21:13:47.505 [FXGL Background Thread 1 ] DEBUG GameWorld            - Game world initialized
21:13:47.553 [FXGL Background Thread 1 ] DEBUG PhysicsWorld         - Physics world initialized: appHeight=720, physics.ppm=50,0
21:13:47.555 [FXGL Background Thread 1 ] DEBUG PhysicsWorld         - Using strategy: BRUTE_FORCE
21:13:47.561 [FXGL Background Thread 1 ] DEBUG GameScene            - Game scene initialized: 1280x720
21:13:47.566 [FXGL Background Thread 1 ] DEBUG FXGLAssetLoaderServi - Loading from file system: file:/C:/Users/brend/IdeaProjects/MavenWorkspace/InitFXGL/target/classes/assets/textures/leafVillageIcon.png
21:13:47.583 [FXGL Background Thread 1 ] DEBUG FXGLAssetLoaderServi - Loading from file system: file:/C:/Users/brend/IdeaProjects/MavenWorkspace/InitFXGL/target/classes/assets/textures/sandVillageIcon.png
21:13:47.586 [FXGL Background Thread 1 ] DEBUG FXGLAssetLoaderServi - Loading from file system: file:/C:/Users/brend/IdeaProjects/MavenWorkspace/InitFXGL/target/classes/assets/textures/mistVillageIcon.png
21:13:47.591 [FXGL Background Thread 1 ] DEBUG FXGLAssetLoaderServi - Loading from file system: file:/C:/Users/brend/IdeaProjects/MavenWorkspace/InitFXGL/target/classes/assets/textures/stoneVillageIcon.png
21:13:47.592 [FXGL Background Thread 1 ] DEBUG FXGLAssetLoaderServi - Loading from file system: file:/C:/Users/brend/IdeaProjects/MavenWorkspace/InitFXGL/target/classes/assets/textures/cloudVillageIcon.png
21:13:47.595 [FXGL Background Thread 1 ] DEBUG FXGLAssetLoaderServi - Loading from file system: file:/C:/Users/brend/IdeaProjects/MavenWorkspace/InitFXGL/target/classes/assets/textures/missingVillage.png
21:13:47.608 [FXGL Background Thread 1 ] DEBUG FXGLAssetLoaderServi - Loading from file system: file:/C:/Users/brend/IdeaProjects/MavenWorkspace/InitFXGL/target/classes/assets/textures/skillsIcons/rasengan.gif
21:13:47.633 [FXGL Background Thread 1 ] DEBUG FXGLAssetLoaderServi - Loading from file system: file:/C:/Users/brend/IdeaProjects/MavenWorkspace/InitFXGL/target/classes/assets/textures/skillsIcons/chidori.gif
21:13:47.709 [FXGL Background Thread 1 ] DEBUG FXGLAssetLoaderServi - Loading from file system: file:/C:/Users/brend/IdeaProjects/MavenWorkspace/InitFXGL/target/classes/assets/textures/ninjaIcons/classicNarutoIcon200x200.png
21:13:47.712 [FXGL Background Thread 1 ] DEBUG FXGLAssetLoaderServi - Loading from file system: file:/C:/Users/brend/IdeaProjects/MavenWorkspace/InitFXGL/target/classes/assets/textures/ninjaIcons/classicSasukeIcon200x200.png
21:13:47.716 [FXGL Background Thread 1 ] DEBUG FXGLAssetLoaderServi - Loading from file system: file:/C:/Users/brend/IdeaProjects/MavenWorkspace/InitFXGL/target/classes/assets/textures/ninjaIcons/classicSakuraIcon200x200.png
21:13:47.719 [FXGL Background Thread 1 ] DEBUG FXGLAssetLoaderServi - Loading from file system: file:/C:/Users/brend/IdeaProjects/MavenWorkspace/InitFXGL/target/classes/assets/textures/ninjaIcons/classicKakashiIcon200x200.png
21:13:47.722 [FXGL Background Thread 1 ] DEBUG FXGLAssetLoaderServi - Loading from file system: file:/C:/Users/brend/IdeaProjects/MavenWorkspace/InitFXGL/target/classes/assets/textures/ninjaIcons/classicShikamaruIcon200x200.png
21:13:47.726 [FXGL Background Thread 1 ] DEBUG FXGLAssetLoaderServi - Loading from file system: file:/C:/Users/brend/IdeaProjects/MavenWorkspace/InitFXGL/target/classes/assets/textures/ninjaIcons/classicInoIcon200x200.png
21:13:47.727 [FXGL Background Thread 1 ] DEBUG FXGLAssetLoaderServi - Loading from file system: file:/C:/Users/brend/IdeaProjects/MavenWorkspace/InitFXGL/target/classes/assets/textures/ninjaIcons/classicChojiIcon200x200.png
21:13:47.730 [FXGL Background Thread 1 ] DEBUG FXGLAssetLoaderServi - Loading from file system: file:/C:/Users/brend/IdeaProjects/MavenWorkspace/InitFXGL/target/classes/assets/textures/ninjaIcons/classicAsumaIcon200x200.png
21:13:47.734 [FXGL Background Thread 1 ] DEBUG FXGLAssetLoaderServi - Loading from file system: file:/C:/Users/brend/IdeaProjects/MavenWorkspace/InitFXGL/target/classes/assets/textures/ninjaIcons/classicLeeIcon200x200.png
21:13:47.736 [FXGL Background Thread 1 ] DEBUG FXGLAssetLoaderServi - Loading from file system: file:/C:/Users/brend/IdeaProjects/MavenWorkspace/InitFXGL/target/classes/assets/textures/ninjaIcons/classicNejiIcon200x200.png
21:13:47.739 [FXGL Background Thread 1 ] DEBUG FXGLAssetLoaderServi - Loading from file system: file:/C:/Users/brend/IdeaProjects/MavenWorkspace/InitFXGL/target/classes/assets/textures/ninjaIcons/classicTentenIcon200x200.png
21:13:47.742 [FXGL Background Thread 1 ] DEBUG FXGLAssetLoaderServi - Loading from file system: file:/C:/Users/brend/IdeaProjects/MavenWorkspace/InitFXGL/target/classes/assets/textures/ninjaIcons/classicGaiIcon200x200.png
21:13:47.744 [FXGL Background Thread 1 ] DEBUG FXGLAssetLoaderServi - Loading from file system: file:/C:/Users/brend/IdeaProjects/MavenWorkspace/InitFXGL/target/classes/assets/textures/ninjaIcons/classicHinataIcon200x200.png
21:13:47.747 [FXGL Background Thread 1 ] DEBUG FXGLAssetLoaderServi - Loading from file system: file:/C:/Users/brend/IdeaProjects/MavenWorkspace/InitFXGL/target/classes/assets/textures/ninjaIcons/classicKibaIcon200x200.png
21:13:47.750 [FXGL Background Thread 1 ] DEBUG FXGLAssetLoaderServi - Loading from file system: file:/C:/Users/brend/IdeaProjects/MavenWorkspace/InitFXGL/target/classes/assets/textures/ninjaIcons/classicShinoIcon200x200.png
21:13:47.753 [FXGL Background Thread 1 ] DEBUG FXGLAssetLoaderServi - Loading from file system: file:/C:/Users/brend/IdeaProjects/MavenWorkspace/InitFXGL/target/classes/assets/textures/ninjaIcons/classicKurenaiIcon200x200.png
21:13:47.756 [FXGL Background Thread 1 ] DEBUG FXGLAssetLoaderServi - Loading from file system: file:/C:/Users/brend/IdeaProjects/MavenWorkspace/InitFXGL/target/classes/assets/textures/ninjaIcons/classicGaaraIcon200x200.png
21:13:47.758 [FXGL Background Thread 1 ] DEBUG FXGLAssetLoaderServi - Loading from file system: file:/C:/Users/brend/IdeaProjects/MavenWorkspace/InitFXGL/target/classes/assets/textures/ninjaIcons/classicTemariIcon200x200.png
21:13:47.761 [FXGL Background Thread 1 ] DEBUG FXGLAssetLoaderServi - Loading from file system: file:/C:/Users/brend/IdeaProjects/MavenWorkspace/InitFXGL/target/classes/assets/textures/ninjaIcons/classicKankuroIcon200x200.png
21:13:47.763 [FXGL Background Thread 1 ] DEBUG FXGLAssetLoaderServi - Loading from file system: file:/C:/Users/brend/IdeaProjects/MavenWorkspace/InitFXGL/target/classes/assets/textures/ninjaIcons/classicBakiIcon200x200.png
21:13:47.771 [FXGL Background Thread 1 ] DEBUG FXGLAssetLoaderServi - Loading from file system: file:/C:/Users/brend/IdeaProjects/MavenWorkspace/InitFXGL/target/classes/assets/textures/backgroundGif.gif
21:13:48.278 [FXGL Background Thread 1 ] DEBUG FXGLAssetLoaderServi - Loading from file system: file:/C:/Users/brend/IdeaProjects/MavenWorkspace/InitFXGL/target/classes/assets/music/musicMenu1.wav
21:13:48.463 [FXGL Background Thread 1 ] DEBUG FXGL.DefaultMenu     - createMenuBodyGameMenu()
21:13:48.472 [FXGL Background Thread 1 ] DEBUG FXGL.DefaultMenu     - createOptionsMenu()
21:13:48.478 [FXGL Background Thread 1 ] DEBUG FXGLAssetLoaderServi - Loading from file system: jar:file:///C:/Users/brend/.m2/repository/com/github/almasb/fxgl/17.3/fxgl-17.3.jar!/fxglassets/textures/particles/smoke.png
21:13:48.532 [FXGL Background Thread 1 ] DEBUG FXGLAssetLoaderServi - Loading from file system: jar:file:///C:/Users/brend/.m2/repository/com/github/almasb/fxgl/17.3/fxgl-17.3.jar!/fxglassets/textures/particles/trace_horizontal.png
21:13:48.543 [FXGL Background Thread 1 ] DEBUG GameApplicationServi - Application scenes initialized
21:13:48.553 [FXGL Background Thread 1 ] DEBUG SystemBundleService  - Loading FXGL system data
21:13:48.558 [FXGL Background Thread 1 ] DEBUG FileSystemAccess     - Reading from: C:\Users\brend\IdeaProjects\MavenWorkspace\InitFXGL\system\fxgl.bundle
21:13:48.568 [FXGL Background Thread 1 ] DEBUG SystemBundleService  - Bundle FXGL: {}
21:13:48.569 [FXGL Background Thread 1 ] DEBUG UpdaterService       - Checking for updates
21:13:48.573 [FXGL Background Thread 4 ] DEBUG FXGLApplication      - Loading fonts
21:13:48.574 [FXGL Background Thread 4 ] DEBUG FXGLAssetLoaderServi - Loading from file system: jar:file:///C:/Users/brend/.m2/repository/com/github/almasb/fxgl/17.3/fxgl-17.3.jar!/fxglassets/ui/fonts/VarelaRound-Regular.ttf
21:13:48.574 [FXGL Background Thread 1 ] DEBUG FXGLApplication      - Loading default localization
21:13:48.574 [FXGL Background Thread 1 ] DEBUG FXGLAssetLoaderServi - Loading from file system: jar:file:///C:/Users/brend/.m2/repository/com/github/almasb/fxgl/17.3/fxgl-17.3.jar!/fxglassets/languages/english.lang
21:13:48.592 [FXGL Background Thread 1 ] INFO  FXGLApplication      - FXGL initialization took: 1,233 sec
21:13:48.601 [JavaFX Application Thread] DEBUG Input                - Registered new binding: action0 - W
21:13:48.601 [JavaFX Application Thread] DEBUG Input                - Registered new binding: action1 - S
21:13:48.602 [JavaFX Application Thread] DEBUG Input                - Registered new binding: action2 - A
21:13:48.603 [JavaFX Application Thread] DEBUG Input                - Registered new binding: action3 - D
21:13:48.603 [JavaFX Application Thread] DEBUG Input                - Registered new binding: Left - Left
21:13:48.603 [JavaFX Application Thread] DEBUG Input                - Registered new binding: Right - Right
21:13:48.603 [JavaFX Application Thread] DEBUG FXGLAssetLoaderServi - Loading from file system: file:/C:/Users/brend/IdeaProjects/MavenWorkspace/InitFXGL/target/classes/assets/textures/iconKunai.png
21:13:48.620 [JavaFX Application Thread] DEBUG Input                - Registered new binding: Screenshot - CTRL+8
21:13:48.621 [JavaFX Application Thread] DEBUG Input                - Registered new binding: System info dump - CTRL+9
21:13:48.621 [JavaFX Application Thread] DEBUG Input                - Registered new binding: Restart - CTRL+R
21:13:48.622 [JavaFX Application Thread] DEBUG Input                - Registered new binding: Toggle Debug Camera - CTRL+7
21:13:48.624 [JavaFX Application Thread] DEBUG LoopRunner           - Starting loop
21:13:48.625 [JavaFX Application Thread] DEBUG LoopRunner           - Initializing JavaFX AnimationTimerLoop
21:13:48.627 [JavaFX Application Thread] DEBUG Input                - Clearing active input actions
21:13:48.640 [JavaFX Application Thread] DEBUG GameApplicationServi - Removing overlay from FXGLStartupScene and adding to FXGLMainMenuDummyScene
21:13:48.641 [JavaFX Application Thread] DEBUG PrimaryStageWindow   - FXGLStartupScene -> FXGLMainMenuDummyScene
21:13:48.641 [JavaFX Application Thread] DEBUG PrimaryStageWindow   - Push state: MainMenu
21:13:48.641 [JavaFX Application Thread] DEBUG Input                - Clearing active input actions
21:13:48.645 [JavaFX Application Thread] DEBUG GameApplicationServi - Removing overlay from FXGLMainMenuDummyScene and adding to MainMenu
21:13:48.646 [JavaFX Application Thread] DEBUG PrimaryStageWindow   - FXGLMainMenuDummyScene -> MainMenu
21:13:48.649 [FXGL Background Thread 4 ] DEBUG FXGLAssetLoaderServi - Loading from file system: jar:file:///C:/Users/brend/.m2/repository/com/github/almasb/fxgl/17.3/fxgl-17.3.jar!/fxglassets/ui/fonts/Abel-Regular.ttf
21:13:48.653 [FXGL Background Thread 4 ] DEBUG FXGLAssetLoaderServi - Loading from file system: jar:file:///C:/Users/brend/.m2/repository/com/github/almasb/fxgl/17.3/fxgl-17.3.jar!/fxglassets/ui/fonts/TerminalLandMono-Regular.otf
21:13:48.656 [FXGL Background Thread 4 ] DEBUG FXGLAssetLoaderServi - Loading from file system: jar:file:///C:/Users/brend/.m2/repository/com/github/almasb/fxgl/17.3/fxgl-17.3.jar!/fxglassets/ui/fonts/Courier-Prime.ttf
21:13:48.668 [JavaFX Application Thread] DEBUG FXGLApplication      - Registering font factories with UI factory
21:13:51.571 [FXGL Background Thread 3 ] DEBUG Engine               - Logging environment variables
21:13:51.571 [FXGL Background Thread 3 ] DEBUG Engine               - achievements: []
21:13:51.571 [FXGL Background Thread 3 ] DEBUG Engine               - actualHeight: 720.0
21:13:51.571 [FXGL Background Thread 3 ] DEBUG Engine               - actualHeightProperty: ReadOnlyDoubleProperty [value: 720.0]
21:13:51.571 [FXGL Background Thread 3 ] DEBUG Engine               - actualWidth: 1280.0
21:13:51.571 [FXGL Background Thread 3 ] DEBUG Engine               - actualWidthProperty: ReadOnlyDoubleProperty [value: 1280.0]
21:13:51.571 [FXGL Background Thread 3 ] DEBUG Engine               - appIcon: iconKunai.png
21:13:51.571 [FXGL Background Thread 3 ] DEBUG Engine               - applicationMode: DEVELOPER
21:13:51.571 [FXGL Background Thread 3 ] DEBUG Engine               - cSSList: [fxgl_dark.css]
21:13:51.571 [FXGL Background Thread 3 ] DEBUG Engine               - collisionDetectionStrategy: BRUTE_FORCE
21:13:51.571 [FXGL Background Thread 3 ] DEBUG Engine               - configClass: Optional.empty
21:13:51.571 [FXGL Background Thread 3 ] DEBUG Engine               - credits: []
21:13:51.571 [FXGL Background Thread 3 ] DEBUG Engine               - defaultCursor: CursorInfo(imageName=iconKunai.png, hotspotX=7.0, hotspotY=6.0)
21:13:51.571 [FXGL Background Thread 3 ] DEBUG Engine               - devBBoxColorProperty: ObjectProperty [value: 0xff0000ff]
21:13:51.571 [FXGL Background Thread 3 ] DEBUG Engine               - devEnableDebugCameraProperty: BooleanProperty [value: false]
21:13:51.572 [FXGL Background Thread 3 ] DEBUG Engine               - devSensorColorProperty: ObjectProperty [value: 0xffff00ff]
21:13:51.572 [FXGL Background Thread 3 ] DEBUG Engine               - devShowBBoxProperty: BooleanProperty [value: false]
21:13:51.572 [FXGL Background Thread 3 ] DEBUG Engine               - devShowPositionProperty: BooleanProperty [value: false]
21:13:51.572 [FXGL Background Thread 3 ] DEBUG Engine               - enabledMenuItems: []
21:13:51.572 [FXGL Background Thread 3 ] DEBUG Engine               - engineServices: [class com.almasb.fxgl.app.services.FXGLAssetLoaderService, class com.almasb.fxgl.app.FXGLApplication$GameApplicationService, class com.almasb.fxgl.app.services.FXGLDialogService, class com.almasb.fxgl.app.services.IOTaskExecutorService, class com.almasb.fxgl.io.FileSystemService, class com.almasb.fxgl.localization.LocalizationService, class com.almasb.fxgl.app.services.SystemBundleService, class com.almasb.fxgl.profile.SaveLoadService, class com.almasb.fxgl.ui.FXGLUIFactoryServiceProvider, class com.almasb.fxgl.ui.FXGLDialogFactoryServiceProvider, class com.almasb.fxgl.audio.AudioPlayer, class com.almasb.fxgl.notification.impl.NotificationServiceProvider, class com.almasb.fxgl.achievement.AchievementService, class com.almasb.fxgl.cutscene.CutsceneService, class com.almasb.fxgl.minigames.MiniGameService, class com.almasb.fxgl.net.NetService, class com.almasb.fxgl.app.services.UpdaterService, class com.almasb.fxgl.dev.DevService]
21:13:51.572 [FXGL Background Thread 3 ] DEBUG Engine               - fontGame: Abel-Regular.ttf
21:13:51.572 [FXGL Background Thread 3 ] DEBUG Engine               - fontMono: TerminalLandMono-Regular.otf
21:13:51.572 [FXGL Background Thread 3 ] DEBUG Engine               - fontSizeScaleUI: 1.0
21:13:51.572 [FXGL Background Thread 3 ] DEBUG Engine               - fontText: Courier-Prime.ttf
21:13:51.572 [FXGL Background Thread 3 ] DEBUG Engine               - fontUI: VarelaRound-Regular.ttf
21:13:51.572 [FXGL Background Thread 3 ] DEBUG Engine               - fullScreen: BooleanProperty [value: false]
21:13:51.572 [FXGL Background Thread 3 ] DEBUG Engine               - gameDifficulty: MEDIUM
21:13:51.572 [FXGL Background Thread 3 ] DEBUG Engine               - gameDifficultyProperty: ObjectProperty [value: MEDIUM]
21:13:51.572 [FXGL Background Thread 3 ] DEBUG Engine               - globalMusicVolume: 0.5
21:13:51.572 [FXGL Background Thread 3 ] DEBUG Engine               - globalMusicVolumeProperty: DoubleProperty [value: 0.5]
21:13:51.572 [FXGL Background Thread 3 ] DEBUG Engine               - globalSoundVolume: 0.5
21:13:51.572 [FXGL Background Thread 3 ] DEBUG Engine               - globalSoundVolumeProperty: DoubleProperty [value: 0.5]
21:13:51.572 [FXGL Background Thread 3 ] DEBUG Engine               - height: 720
21:13:51.572 [FXGL Background Thread 3 ] DEBUG Engine               - is3D: true
21:13:51.572 [FXGL Background Thread 3 ] DEBUG Engine               - isAndroid: false
21:13:51.572 [FXGL Background Thread 3 ] DEBUG Engine               - isBrowser: false
21:13:51.572 [FXGL Background Thread 3 ] DEBUG Engine               - isClickFeedbackEnabled: false
21:13:51.572 [FXGL Background Thread 3 ] DEBUG Engine               - isCloseConfirmation: false
21:13:51.572 [FXGL Background Thread 3 ] DEBUG Engine               - isDesktop: true
21:13:51.572 [FXGL Background Thread 3 ] DEBUG Engine               - isDeveloperMenuEnabled: false
21:13:51.572 [FXGL Background Thread 3 ] DEBUG Engine               - isEmbedded: false
21:13:51.572 [FXGL Background Thread 3 ] DEBUG Engine               - isEntityPreloadEnabled: true
21:13:51.572 [FXGL Background Thread 3 ] DEBUG Engine               - isExperimentalTiledLargeMap: false
21:13:51.572 [FXGL Background Thread 3 ] DEBUG Engine               - isFileSystemWriteAllowed: true
21:13:51.572 [FXGL Background Thread 3 ] DEBUG Engine               - isFullScreenAllowed: false
21:13:51.572 [FXGL Background Thread 3 ] DEBUG Engine               - isFullScreenFromStart: false
21:13:51.572 [FXGL Background Thread 3 ] DEBUG Engine               - isGameMenuEnabled: true
21:13:51.572 [FXGL Background Thread 3 ] DEBUG Engine               - isIOS: false
21:13:51.572 [FXGL Background Thread 3 ] DEBUG Engine               - isIntroEnabled: false
21:13:51.572 [FXGL Background Thread 3 ] DEBUG Engine               - isLinux: false
21:13:51.572 [FXGL Background Thread 3 ] DEBUG Engine               - isMac: false
21:13:51.572 [FXGL Background Thread 3 ] DEBUG Engine               - isMainMenuEnabled: true
21:13:51.572 [FXGL Background Thread 3 ] DEBUG Engine               - isManualResizeEnabled: true
21:13:51.572 [FXGL Background Thread 3 ] DEBUG Engine               - isMobile: false
21:13:51.572 [FXGL Background Thread 3 ] DEBUG Engine               - isNative: false
21:13:51.574 [FXGL Background Thread 3 ] DEBUG Engine               - isPauseMusicWhenMinimized: true
21:13:51.574 [FXGL Background Thread 3 ] DEBUG Engine               - isPreserveResizeRatio: false
21:13:51.574 [FXGL Background Thread 3 ] DEBUG Engine               - isProfilingEnabled: false
21:13:51.574 [FXGL Background Thread 3 ] DEBUG Engine               - isScaleAffectedOnResize: true
21:13:51.574 [FXGL Background Thread 3 ] DEBUG Engine               - isSingleStep: false
21:13:51.574 [FXGL Background Thread 3 ] DEBUG Engine               - isUserProfileEnabled: false
21:13:51.574 [FXGL Background Thread 3 ] DEBUG Engine               - isWindows: true
21:13:51.574 [FXGL Background Thread 3 ] DEBUG Engine               - language: ObjectProperty [value: ENGLISH]
21:13:51.574 [FXGL Background Thread 3 ] DEBUG Engine               - menuKey: ESCAPE
21:13:51.574 [FXGL Background Thread 3 ] DEBUG Engine               - mouseSensitivity: 0.2
21:13:51.574 [FXGL Background Thread 3 ] DEBUG Engine               - notificationViewClass: class com.almasb.fxgl.notification.view.XboxNotificationView
21:13:51.574 [FXGL Background Thread 3 ] DEBUG Engine               - pixelsPerMeter: 50.0
21:13:51.574 [FXGL Background Thread 3 ] DEBUG Engine               - platform: WINDOWS
21:13:51.574 [FXGL Background Thread 3 ] DEBUG Engine               - prefHeightProperty: ReadOnlyDoubleProperty [value: 720.0]
21:13:51.574 [FXGL Background Thread 3 ] DEBUG Engine               - prefWidthProperty: ReadOnlyDoubleProperty [value: 1280.0]
21:13:51.574 [FXGL Background Thread 3 ] DEBUG Engine               - profileDir: profiles/
21:13:51.574 [FXGL Background Thread 3 ] DEBUG Engine               - profileName: StringProperty [value: DEFAULT]
21:13:51.574 [FXGL Background Thread 3 ] DEBUG Engine               - randomSeed: -1
21:13:51.575 [FXGL Background Thread 3 ] DEBUG Engine               - runtimeInfo: RuntimeInfo(platform=WINDOWS, version=17.3, build=30.03.2023 11.49)
21:13:51.575 [FXGL Background Thread 3 ] DEBUG Engine               - saveFileExt: sav
21:13:51.575 [FXGL Background Thread 3 ] DEBUG Engine               - scaledHeightProp$fxgl: DoubleProperty [bound, value: 720.0]
21:13:51.575 [FXGL Background Thread 3 ] DEBUG Engine               - scaledWidthProp$fxgl: DoubleProperty [bound, value: 1280.0]
21:13:51.575 [FXGL Background Thread 3 ] DEBUG Engine               - sceneFactory: com.brendondias.game.launcher.NarutoNinjaWarApp$1@541a9ee8
21:13:51.575 [FXGL Background Thread 3 ] DEBUG Engine               - secondsIn24h: 60
21:13:51.575 [FXGL Background Thread 3 ] DEBUG Engine               - soundMenuBack: menu/back.wav
21:13:51.575 [FXGL Background Thread 3 ] DEBUG Engine               - soundMenuPress: menu/press.wav
21:13:51.575 [FXGL Background Thread 3 ] DEBUG Engine               - soundMenuSelect: menu/select.wav
21:13:51.575 [FXGL Background Thread 3 ] DEBUG Engine               - soundNotification: core/notification.wav
21:13:51.575 [FXGL Background Thread 3 ] DEBUG Engine               - stageStyle: DECORATED
21:13:51.575 [FXGL Background Thread 3 ] DEBUG Engine               - supportedLanguages: [ENGLISH, FRENCH, GERMAN, HUNGARIAN, RUSSIAN]
21:13:51.575 [FXGL Background Thread 3 ] DEBUG Engine               - ticksPerSecond: -1
21:13:51.575 [FXGL Background Thread 3 ] DEBUG Engine               - title: Naruto Ninja War
21:13:51.575 [FXGL Background Thread 3 ] DEBUG Engine               - urlGithub: https://github.com/AlmasB/FXGL
21:13:51.575 [FXGL Background Thread 3 ] DEBUG Engine               - urlLeaderboard: http://fxgl-top.herokuapp.com/
21:13:51.575 [FXGL Background Thread 3 ] DEBUG Engine               - urlPOM: https://raw.githubusercontent.com/AlmasB/FXGL/release/README.md
21:13:51.575 [FXGL Background Thread 3 ] DEBUG Engine               - userAppClass: class com.brendondias.game.launcher.NarutoNinjaWarApp
21:13:51.575 [FXGL Background Thread 3 ] DEBUG Engine               - version: 1.0
21:13:51.575 [FXGL Background Thread 3 ] DEBUG Engine               - versionCheckDays: 7
21:13:51.575 [FXGL Background Thread 3 ] DEBUG Engine               - width: 1280
21:13:51.575 [FXGL Background Thread 3 ] DEBUG Engine               - Logging services
21:13:51.575 [FXGL Background Thread 3 ] DEBUG Engine               - class com.almasb.fxgl.app.services.FXGLAssetLoaderService
21:13:51.575 [FXGL Background Thread 3 ] DEBUG Engine               - class com.almasb.fxgl.app.FXGLApplication$GameApplicationService
21:13:51.575 [FXGL Background Thread 3 ] DEBUG Engine               - class com.almasb.fxgl.app.services.FXGLDialogService
21:13:51.575 [FXGL Background Thread 3 ] DEBUG Engine               - class com.almasb.fxgl.app.services.IOTaskExecutorService
21:13:51.575 [FXGL Background Thread 3 ] DEBUG Engine               - class com.almasb.fxgl.io.FileSystemService
21:13:51.575 [FXGL Background Thread 3 ] DEBUG Engine               - class com.almasb.fxgl.localization.LocalizationService
21:13:51.575 [FXGL Background Thread 3 ] DEBUG Engine               - class com.almasb.fxgl.app.services.SystemBundleService
21:13:51.575 [FXGL Background Thread 3 ] DEBUG Engine               - class com.almasb.fxgl.profile.SaveLoadService
21:13:51.575 [FXGL Background Thread 3 ] DEBUG Engine               - class com.almasb.fxgl.ui.FXGLUIFactoryServiceProvider
21:13:51.575 [FXGL Background Thread 3 ] DEBUG Engine               - class com.almasb.fxgl.ui.FXGLDialogFactoryServiceProvider
21:13:51.575 [FXGL Background Thread 3 ] DEBUG Engine               - class com.almasb.fxgl.audio.AudioPlayer
21:13:51.576 [FXGL Background Thread 3 ] DEBUG Engine               - class com.almasb.fxgl.notification.impl.NotificationServiceProvider
21:13:51.576 [FXGL Background Thread 3 ] DEBUG Engine               - class com.almasb.fxgl.achievement.AchievementService
21:13:51.576 [FXGL Background Thread 3 ] DEBUG Engine               - class com.almasb.fxgl.cutscene.CutsceneService
21:13:51.576 [FXGL Background Thread 3 ] DEBUG Engine               - class com.almasb.fxgl.minigames.MiniGameService
21:13:51.576 [FXGL Background Thread 3 ] DEBUG Engine               - class com.almasb.fxgl.net.NetService
21:13:51.576 [FXGL Background Thread 3 ] DEBUG Engine               - class com.almasb.fxgl.app.services.UpdaterService
21:13:51.576 [FXGL Background Thread 3 ] DEBUG Engine               - class com.almasb.fxgl.dev.DevService
21:13:54.676 [JavaFX Application Thread] DEBUG FXGLAssetLoaderServi - Loading from file system: file:/C:/Users/brend/IdeaProjects/MavenWorkspace/InitFXGL/target/classes/assets/textures/backgroundInitGameMenu.png
21:20:28.993 [JavaFX Application Thread] DEBUG GameApplicationServi - Starting new game
21:20:28.993 [JavaFX Application Thread] DEBUG PrimaryStageWindow   - Pop state: MainMenu
21:20:28.993 [JavaFX Application Thread] DEBUG Input                - Clearing active input actions
21:20:28.993 [JavaFX Application Thread] DEBUG GameApplicationServi - Removing overlay from MainMenu and adding to FXGLMainMenuDummyScene
21:20:28.994 [JavaFX Application Thread] DEBUG PrimaryStageWindow   - FXGLMainMenuDummyScene <- MainMenu
21:20:28.994 [JavaFX Application Thread] DEBUG Input                - Clearing active input actions
21:20:29.000 [JavaFX Application Thread] DEBUG GameApplicationServi - Removing overlay from FXGLMainMenuDummyScene and adding to FXGLLoadingScene
21:20:29.000 [JavaFX Application Thread] DEBUG PrimaryStageWindow   - FXGLMainMenuDummyScene -> FXGLLoadingScene
21:20:29.000 [JavaFX Application Thread] DEBUG GameApplicationServi - Clearing previous game
21:20:29.000 [JavaFX Application Thread] DEBUG GameScene            - Clearing game scene
21:20:29.000 [JavaFX Application Thread] DEBUG GameWorld            - Clearing game world
21:20:29.000 [JavaFX Application Thread] DEBUG PhysicsWorld         - Clearing physics world
21:20:29.002 [FXGL Background Thread 5 ] DEBUG FXGLApplication      - Initializing game
21:20:29.020 [FXGL Background Thread 5 ] WARN  Entity               - Entity already has component: com.almasb.fxgl.entity.components.CollidableComponent
21:20:29.022 [FXGL Background Thread 5 ] DEBUG FXGLAssetLoaderServi - Loading from file system: file:/C:/Users/brend/IdeaProjects/MavenWorkspace/InitFXGL/target/classes/assets/textures/itachiComplete_strip10.png
21:20:29.036 [FXGL Background Thread 5 ] WARN  GameWorld            - Entity is already attached to world
21:20:29.036 [FXGL Background Thread 5 ] DEBUG FXGLAssetLoaderServi - Loading from file system: file:/C:/Users/brend/IdeaProjects/MavenWorkspace/InitFXGL/target/classes/assets/textures/map.gif
21:20:29.085 [FXGL Background Thread 5 ] DEBUG FXGLAssetLoaderServi - Loading from file system: file:/C:/Users/brend/IdeaProjects/MavenWorkspace/InitFXGL/target/classes/assets/textures/chess.png
21:20:29.108 [FXGL Background Thread 5 ] WARN  GameWorld            - Entity is already attached to world
21:20:29.110 [FXGL Background Thread 5 ] DEBUG FXGLAssetLoaderServi - Loading from file system: file:/C:/Users/brend/IdeaProjects/MavenWorkspace/InitFXGL/target/classes/assets/textures/backgroundFinalImage2.png
21:20:29.135 [FXGL Background Thread 5 ] DEBUG FXGLAssetLoaderServi - Loading from file system: file:/C:/Users/brend/IdeaProjects/MavenWorkspace/InitFXGL/target/classes/assets/textures/rightPanelImage.png
21:20:29.141 [FXGL Background Thread 5 ] DEBUG FXGLAssetLoaderServi - Loading from file system: file:/C:/Users/brend/IdeaProjects/MavenWorkspace/InitFXGL/target/classes/assets/textures/bottomPanelImage.png
21:20:29.145 [FXGL Background Thread 5 ] INFO  FXGLApplication      - Game initialization took: 0,143 sec
21:20:29.156 [JavaFX Application Thread] DEBUG Input                - Clearing active input actions
21:20:29.159 [JavaFX Application Thread] DEBUG GameApplicationServi - Removing overlay from FXGLLoadingScene and adding to GameScene
21:20:29.159 [JavaFX Application Thread] DEBUG PrimaryStageWindow   - FXGLLoadingScene -> GameScene
21:20:31.549 [JavaFX Application Thread] DEBUG FXGLApplication      - Exiting FXGL
21:20:31.549 [JavaFX Application Thread] DEBUG LoopRunner           - Stopping loop
21:20:31.549 [JavaFX Application Thread] DEBUG SystemBundleService  - Saving FXGL system data
21:20:31.550 [JavaFX Application Thread] DEBUG FileSystemAccess     - Writing to: C:\Users\brend\IdeaProjects\MavenWorkspace\InitFXGL\system\fxgl.bundle
21:20:31.553 [JavaFX Application Thread] DEBUG Async                - Shutting down background threads
21:20:31.553 [JavaFX Application Thread] DEBUG PrimaryStageWindow   - Closing main window
21:20:31.561 [JavaFX Application Thread] DEBUG Logger               - Closing Logger
