16:12:23.115 [main                     ] DEBUG Logger               - Configured Logger
16:12:23.154 [main                     ] DEBUG GameApplication      - Logging settings
Title: Naruto Ninja War
Version: 1.0
Width: 1280
Height: 720
Fullscreen: false
Intro: false
Profiling: false
Single step:false
App Mode: DEVELOPER
Menu Key: ESCAPE
Stage Style: DECORATED
Scene Factory: class com.brendondias.game.launcher.NarutoNinjaWarApp$1

16:12:24.144 [JavaFX Application Thread] DEBUG FXGLApplication      - Initializing FXGL
16:12:24.153 [JavaFX Application Thread] INFO  Engine               - FXGL-17.3 (30.03.2023 11.49) on WINDOWS (J:20 FX:20)
16:12:24.153 [JavaFX Application Thread] DEBUG Engine               - JRE Vendor Name: Oracle Corporation
16:12:24.154 [JavaFX Application Thread] DEBUG Engine               - Running on OS: Windows 11 version 10.0
16:12:24.154 [JavaFX Application Thread] DEBUG Engine               - Architecture: amd64
16:12:24.154 [JavaFX Application Thread] INFO  Engine               - Source code and latest versions at: https://github.com/AlmasB/FXGL
16:12:24.154 [JavaFX Application Thread] INFO  Engine               -       Ask questions and discuss at: https://github.com/AlmasB/FXGL/discussions
16:12:24.154 [JavaFX Application Thread] INFO  Engine               -              Join the FXGL chat at: https://gitter.im/AlmasB/FXGL
16:12:24.312 [JavaFX Application Thread] DEBUG PrimaryStageWindow   - Creating a JavaFX scene
16:12:24.396 [JavaFX Application Thread] DEBUG PrimaryStageWindow   - Target settings size: 1280.0 x 720.0
16:12:24.397 [JavaFX Application Thread] DEBUG PrimaryStageWindow   - Scaled scene size:    1280.0 x 720.0
16:12:24.397 [JavaFX Application Thread] DEBUG PrimaryStageWindow   - Scaled ratio: (1.0, 1.0)
16:12:24.398 [JavaFX Application Thread] DEBUG PrimaryStageWindow   - Set initial scene to FXGLStartupScene
16:12:24.400 [JavaFX Application Thread] DEBUG PrimaryStageWindow   - Opening main window
16:12:24.491 [JavaFX Application Thread] DEBUG PrimaryStageWindow   - Window border size: (14.4000244140625, 37.5999755859375)
16:12:24.491 [JavaFX Application Thread] DEBUG PrimaryStageWindow   - Scaled size: 1280.0 x 720.0
16:12:24.491 [JavaFX Application Thread] DEBUG PrimaryStageWindow   - Scaled ratio: (1.0, 1.0)
16:12:24.492 [JavaFX Application Thread] DEBUG PrimaryStageWindow   - Scene size: 1280.0 x 720.0
16:12:24.493 [JavaFX Application Thread] DEBUG PrimaryStageWindow   - Stage size: 1294.4000244140625 x 757.5999755859375
16:12:24.502 [FXGL Background Thread 1 ] DEBUG Engine               - Initializing environment variables
16:12:24.597 [FXGL Background Thread 1 ] DEBUG FXGLAssetLoaderServi - User app class for loading assets: class com.brendondias.game.launcher.NarutoNinjaWarApp
16:12:24.597 [FXGL Background Thread 1 ] DEBUG GameApplicationServi - Applying CSS: fxgl_dark.css
16:12:24.598 [FXGL Background Thread 1 ] DEBUG FXGLAssetLoaderServi - Loading from file system: jar:file:///C:/Users/brend/.m2/repository/com/github/almasb/fxgl/17.3/fxgl-17.3.jar!/fxglassets/ui/css/fxgl_dark.css
16:12:24.666 [FXGL Background Thread 1 ] DEBUG GameApplicationServi - Initializing application scenes
16:12:24.713 [FXGL Background Thread 1 ] DEBUG GameWorld            - Game world initialized
16:12:24.820 [FXGL Background Thread 1 ] DEBUG PhysicsWorld         - Physics world initialized: appHeight=720, physics.ppm=50,0
16:12:24.820 [FXGL Background Thread 1 ] DEBUG PhysicsWorld         - Using strategy: BRUTE_FORCE
16:12:24.836 [FXGL Background Thread 1 ] DEBUG GameScene            - Game scene initialized: 1280x720
16:12:24.861 [FXGL Background Thread 1 ] DEBUG FXGLAssetLoaderServi - Loading from file system: file:/C:/Users/brend/IdeaProjects/MavenWorkspace/InitFXGL/target/classes/assets/textures/leafVillageIcon.png
16:12:24.891 [FXGL Background Thread 1 ] DEBUG FXGLAssetLoaderServi - Loading from file system: file:/C:/Users/brend/IdeaProjects/MavenWorkspace/InitFXGL/target/classes/assets/textures/sandVillageIcon.png
16:12:24.895 [FXGL Background Thread 1 ] DEBUG FXGLAssetLoaderServi - Loading from file system: file:/C:/Users/brend/IdeaProjects/MavenWorkspace/InitFXGL/target/classes/assets/textures/mistVillageIcon.png
16:12:24.903 [FXGL Background Thread 1 ] DEBUG FXGLAssetLoaderServi - Loading from file system: file:/C:/Users/brend/IdeaProjects/MavenWorkspace/InitFXGL/target/classes/assets/textures/stoneVillageIcon.png
16:12:24.906 [FXGL Background Thread 1 ] DEBUG FXGLAssetLoaderServi - Loading from file system: file:/C:/Users/brend/IdeaProjects/MavenWorkspace/InitFXGL/target/classes/assets/textures/cloudVillageIcon.png
16:12:24.909 [FXGL Background Thread 1 ] DEBUG FXGLAssetLoaderServi - Loading from file system: file:/C:/Users/brend/IdeaProjects/MavenWorkspace/InitFXGL/target/classes/assets/textures/missingVillage.png
16:12:24.941 [FXGL Background Thread 1 ] DEBUG FXGLAssetLoaderServi - Loading from file system: file:/C:/Users/brend/IdeaProjects/MavenWorkspace/InitFXGL/target/classes/assets/textures/skillsIcons/rasengan.gif
16:12:24.996 [FXGL Background Thread 1 ] DEBUG FXGLAssetLoaderServi - Loading from file system: file:/C:/Users/brend/IdeaProjects/MavenWorkspace/InitFXGL/target/classes/assets/textures/skillsIcons/chidori.gif
16:12:25.130 [FXGL Background Thread 1 ] DEBUG FXGLAssetLoaderServi - Loading from file system: file:/C:/Users/brend/IdeaProjects/MavenWorkspace/InitFXGL/target/classes/assets/textures/ninjaIcons/classicNarutoIcon200x200.png
16:12:25.134 [FXGL Background Thread 1 ] DEBUG FXGLAssetLoaderServi - Loading from file system: file:/C:/Users/brend/IdeaProjects/MavenWorkspace/InitFXGL/target/classes/assets/textures/ninjaIcons/classicSasukeIcon200x200.png
16:12:25.138 [FXGL Background Thread 1 ] DEBUG FXGLAssetLoaderServi - Loading from file system: file:/C:/Users/brend/IdeaProjects/MavenWorkspace/InitFXGL/target/classes/assets/textures/ninjaIcons/classicSakuraIcon200x200.png
16:12:25.142 [FXGL Background Thread 1 ] DEBUG FXGLAssetLoaderServi - Loading from file system: file:/C:/Users/brend/IdeaProjects/MavenWorkspace/InitFXGL/target/classes/assets/textures/ninjaIcons/classicKakashiIcon200x200.png
16:12:25.146 [FXGL Background Thread 1 ] DEBUG FXGLAssetLoaderServi - Loading from file system: file:/C:/Users/brend/IdeaProjects/MavenWorkspace/InitFXGL/target/classes/assets/textures/ninjaIcons/classicShikamaruIcon200x200.png
16:12:25.151 [FXGL Background Thread 1 ] DEBUG FXGLAssetLoaderServi - Loading from file system: file:/C:/Users/brend/IdeaProjects/MavenWorkspace/InitFXGL/target/classes/assets/textures/ninjaIcons/classicInoIcon200x200.png
16:12:25.156 [FXGL Background Thread 1 ] DEBUG FXGLAssetLoaderServi - Loading from file system: file:/C:/Users/brend/IdeaProjects/MavenWorkspace/InitFXGL/target/classes/assets/textures/ninjaIcons/classicChojiIcon200x200.png
16:12:25.159 [FXGL Background Thread 1 ] DEBUG FXGLAssetLoaderServi - Loading from file system: file:/C:/Users/brend/IdeaProjects/MavenWorkspace/InitFXGL/target/classes/assets/textures/ninjaIcons/classicAsumaIcon200x200.png
16:12:25.163 [FXGL Background Thread 1 ] DEBUG FXGLAssetLoaderServi - Loading from file system: file:/C:/Users/brend/IdeaProjects/MavenWorkspace/InitFXGL/target/classes/assets/textures/ninjaIcons/classicLeeIcon200x200.png
16:12:25.167 [FXGL Background Thread 1 ] DEBUG FXGLAssetLoaderServi - Loading from file system: file:/C:/Users/brend/IdeaProjects/MavenWorkspace/InitFXGL/target/classes/assets/textures/ninjaIcons/classicNejiIcon200x200.png
16:12:25.170 [FXGL Background Thread 1 ] DEBUG FXGLAssetLoaderServi - Loading from file system: file:/C:/Users/brend/IdeaProjects/MavenWorkspace/InitFXGL/target/classes/assets/textures/ninjaIcons/classicTentenIcon200x200.png
16:12:25.173 [FXGL Background Thread 1 ] DEBUG FXGLAssetLoaderServi - Loading from file system: file:/C:/Users/brend/IdeaProjects/MavenWorkspace/InitFXGL/target/classes/assets/textures/ninjaIcons/classicGaiIcon200x200.png
16:12:25.180 [FXGL Background Thread 1 ] DEBUG FXGLAssetLoaderServi - Loading from file system: file:/C:/Users/brend/IdeaProjects/MavenWorkspace/InitFXGL/target/classes/assets/textures/ninjaIcons/classicHinataIcon200x200.png
16:12:25.189 [FXGL Background Thread 1 ] DEBUG FXGLAssetLoaderServi - Loading from file system: file:/C:/Users/brend/IdeaProjects/MavenWorkspace/InitFXGL/target/classes/assets/textures/ninjaIcons/classicKibaIcon200x200.png
16:12:25.192 [FXGL Background Thread 1 ] DEBUG FXGLAssetLoaderServi - Loading from file system: file:/C:/Users/brend/IdeaProjects/MavenWorkspace/InitFXGL/target/classes/assets/textures/ninjaIcons/classicShinoIcon200x200.png
16:12:25.198 [FXGL Background Thread 1 ] DEBUG FXGLAssetLoaderServi - Loading from file system: file:/C:/Users/brend/IdeaProjects/MavenWorkspace/InitFXGL/target/classes/assets/textures/ninjaIcons/classicKurenaiIcon200x200.png
16:12:25.201 [FXGL Background Thread 1 ] DEBUG FXGLAssetLoaderServi - Loading from file system: file:/C:/Users/brend/IdeaProjects/MavenWorkspace/InitFXGL/target/classes/assets/textures/ninjaIcons/classicGaaraIcon200x200.png
16:12:25.204 [FXGL Background Thread 1 ] DEBUG FXGLAssetLoaderServi - Loading from file system: file:/C:/Users/brend/IdeaProjects/MavenWorkspace/InitFXGL/target/classes/assets/textures/ninjaIcons/classicTemariIcon200x200.png
16:12:25.208 [FXGL Background Thread 1 ] DEBUG FXGLAssetLoaderServi - Loading from file system: file:/C:/Users/brend/IdeaProjects/MavenWorkspace/InitFXGL/target/classes/assets/textures/ninjaIcons/classicKankuroIcon200x200.png
16:12:25.211 [FXGL Background Thread 1 ] DEBUG FXGLAssetLoaderServi - Loading from file system: file:/C:/Users/brend/IdeaProjects/MavenWorkspace/InitFXGL/target/classes/assets/textures/ninjaIcons/classicBakiIcon200x200.png
16:12:25.228 [FXGL Background Thread 1 ] DEBUG FXGLAssetLoaderServi - Loading from file system: file:/C:/Users/brend/IdeaProjects/MavenWorkspace/InitFXGL/target/classes/assets/textures/backgroundGif.gif
16:12:25.802 [FXGL Background Thread 1 ] DEBUG FXGLAssetLoaderServi - Loading from file system: file:/C:/Users/brend/IdeaProjects/MavenWorkspace/InitFXGL/target/classes/assets/music/musicMenu1.wav
16:12:26.049 [FXGL Background Thread 1 ] DEBUG FXGL.DefaultMenu     - createMenuBodyGameMenu()
16:12:26.064 [FXGL Background Thread 1 ] DEBUG FXGL.DefaultMenu     - createOptionsMenu()
16:12:26.071 [FXGL Background Thread 1 ] DEBUG FXGLAssetLoaderServi - Loading from file system: jar:file:///C:/Users/brend/.m2/repository/com/github/almasb/fxgl/17.3/fxgl-17.3.jar!/fxglassets/textures/particles/smoke.png
16:12:26.143 [FXGL Background Thread 1 ] DEBUG FXGLAssetLoaderServi - Loading from file system: jar:file:///C:/Users/brend/.m2/repository/com/github/almasb/fxgl/17.3/fxgl-17.3.jar!/fxglassets/textures/particles/trace_horizontal.png
16:12:26.164 [FXGL Background Thread 1 ] DEBUG GameApplicationServi - Application scenes initialized
16:12:26.176 [FXGL Background Thread 1 ] DEBUG SystemBundleService  - Loading FXGL system data
16:12:26.185 [FXGL Background Thread 1 ] DEBUG FileSystemAccess     - Reading from: C:\Users\brend\IdeaProjects\MavenWorkspace\InitFXGL\system\fxgl.bundle
16:12:26.199 [FXGL Background Thread 1 ] DEBUG SystemBundleService  - Bundle FXGL: {}
16:12:26.199 [FXGL Background Thread 1 ] DEBUG UpdaterService       - Checking for updates
16:12:26.202 [FXGL Background Thread 4 ] DEBUG FXGLApplication      - Loading fonts
16:12:26.203 [FXGL Background Thread 1 ] DEBUG FXGLApplication      - Loading default localization
16:12:26.204 [FXGL Background Thread 1 ] DEBUG FXGLAssetLoaderServi - Loading from file system: jar:file:///C:/Users/brend/.m2/repository/com/github/almasb/fxgl/17.3/fxgl-17.3.jar!/fxglassets/languages/english.lang
16:12:26.204 [FXGL Background Thread 4 ] DEBUG FXGLAssetLoaderServi - Loading from file system: jar:file:///C:/Users/brend/.m2/repository/com/github/almasb/fxgl/17.3/fxgl-17.3.jar!/fxglassets/ui/fonts/VarelaRound-Regular.ttf
16:12:26.233 [FXGL Background Thread 1 ] INFO  FXGLApplication      - FXGL initialization took: 1,729 sec
16:12:26.246 [JavaFX Application Thread] DEBUG Input                - Registered new binding: action0 - W
16:12:26.247 [JavaFX Application Thread] DEBUG Input                - Registered new binding: action1 - S
16:12:26.247 [JavaFX Application Thread] DEBUG Input                - Registered new binding: action2 - A
16:12:26.248 [JavaFX Application Thread] DEBUG Input                - Registered new binding: action3 - D
16:12:26.248 [JavaFX Application Thread] DEBUG Input                - Registered new binding: Left - Left
16:12:26.249 [JavaFX Application Thread] DEBUG Input                - Registered new binding: Right - Right
16:12:26.250 [JavaFX Application Thread] DEBUG FXGLAssetLoaderServi - Loading from file system: file:/C:/Users/brend/IdeaProjects/MavenWorkspace/InitFXGL/target/classes/assets/textures/iconKunai.png
16:12:26.263 [JavaFX Application Thread] DEBUG Input                - Registered new binding: Screenshot - CTRL+8
16:12:26.264 [JavaFX Application Thread] DEBUG Input                - Registered new binding: System info dump - CTRL+9
16:12:26.265 [JavaFX Application Thread] DEBUG Input                - Registered new binding: Restart - CTRL+R
16:12:26.266 [JavaFX Application Thread] DEBUG Input                - Registered new binding: Toggle Debug Camera - CTRL+7
16:12:26.272 [JavaFX Application Thread] DEBUG LoopRunner           - Starting loop
16:12:26.272 [JavaFX Application Thread] DEBUG LoopRunner           - Initializing JavaFX AnimationTimerLoop
16:12:26.275 [JavaFX Application Thread] DEBUG Input                - Clearing active input actions
16:12:26.289 [JavaFX Application Thread] DEBUG GameApplicationServi - Removing overlay from FXGLStartupScene and adding to FXGLMainMenuDummyScene
16:12:26.290 [JavaFX Application Thread] DEBUG PrimaryStageWindow   - FXGLStartupScene -> FXGLMainMenuDummyScene
16:12:26.290 [JavaFX Application Thread] DEBUG PrimaryStageWindow   - Push state: MainMenu
16:12:26.290 [JavaFX Application Thread] DEBUG Input                - Clearing active input actions
16:12:26.296 [JavaFX Application Thread] DEBUG GameApplicationServi - Removing overlay from FXGLMainMenuDummyScene and adding to MainMenu
16:12:26.297 [JavaFX Application Thread] DEBUG PrimaryStageWindow   - FXGLMainMenuDummyScene -> MainMenu
16:12:26.321 [FXGL Background Thread 4 ] DEBUG FXGLAssetLoaderServi - Loading from file system: jar:file:///C:/Users/brend/.m2/repository/com/github/almasb/fxgl/17.3/fxgl-17.3.jar!/fxglassets/ui/fonts/Abel-Regular.ttf
16:12:26.326 [FXGL Background Thread 4 ] DEBUG FXGLAssetLoaderServi - Loading from file system: jar:file:///C:/Users/brend/.m2/repository/com/github/almasb/fxgl/17.3/fxgl-17.3.jar!/fxglassets/ui/fonts/TerminalLandMono-Regular.otf
16:12:26.331 [FXGL Background Thread 4 ] DEBUG FXGLAssetLoaderServi - Loading from file system: jar:file:///C:/Users/brend/.m2/repository/com/github/almasb/fxgl/17.3/fxgl-17.3.jar!/fxglassets/ui/fonts/Courier-Prime.ttf
16:12:26.342 [JavaFX Application Thread] DEBUG FXGLApplication      - Registering font factories with UI factory
16:12:26.918 [FXGL Background Thread 2 ] INFO  UpdaterService       - Your current version:  17.3
16:12:26.918 [FXGL Background Thread 2 ] INFO  UpdaterService       - Latest stable version: 21
16:12:27.686 [JavaFX Application Thread] DEBUG FXGLAssetLoaderServi - Loading from file system: file:/C:/Users/brend/IdeaProjects/MavenWorkspace/InitFXGL/target/classes/assets/textures/backgroundInitGameMenu.png
16:12:29.201 [FXGL Background Thread 3 ] DEBUG Engine               - Logging environment variables
16:12:29.201 [FXGL Background Thread 3 ] DEBUG Engine               - achievements: []
16:12:29.202 [FXGL Background Thread 3 ] DEBUG Engine               - actualHeight: 720.0
16:12:29.202 [FXGL Background Thread 3 ] DEBUG Engine               - actualHeightProperty: ReadOnlyDoubleProperty [value: 720.0]
16:12:29.202 [FXGL Background Thread 3 ] DEBUG Engine               - actualWidth: 1280.0
16:12:29.202 [FXGL Background Thread 3 ] DEBUG Engine               - actualWidthProperty: ReadOnlyDoubleProperty [value: 1280.0]
16:12:29.202 [FXGL Background Thread 3 ] DEBUG Engine               - appIcon: iconKunai.png
16:12:29.202 [FXGL Background Thread 3 ] DEBUG Engine               - applicationMode: DEVELOPER
16:12:29.202 [FXGL Background Thread 3 ] DEBUG Engine               - cSSList: [fxgl_dark.css]
16:12:29.202 [FXGL Background Thread 3 ] DEBUG Engine               - collisionDetectionStrategy: BRUTE_FORCE
16:12:29.202 [FXGL Background Thread 3 ] DEBUG Engine               - configClass: Optional.empty
16:12:29.202 [FXGL Background Thread 3 ] DEBUG Engine               - credits: []
16:12:29.203 [FXGL Background Thread 3 ] DEBUG Engine               - defaultCursor: CursorInfo(imageName=iconKunai.png, hotspotX=7.0, hotspotY=6.0)
16:12:29.204 [FXGL Background Thread 3 ] DEBUG Engine               - devBBoxColorProperty: ObjectProperty [value: 0xff0000ff]
16:12:29.204 [FXGL Background Thread 3 ] DEBUG Engine               - devEnableDebugCameraProperty: BooleanProperty [value: false]
16:12:29.204 [FXGL Background Thread 3 ] DEBUG Engine               - devSensorColorProperty: ObjectProperty [value: 0xffff00ff]
16:12:29.204 [FXGL Background Thread 3 ] DEBUG Engine               - devShowBBoxProperty: BooleanProperty [value: false]
16:12:29.205 [FXGL Background Thread 3 ] DEBUG Engine               - devShowPositionProperty: BooleanProperty [value: false]
16:12:29.205 [FXGL Background Thread 3 ] DEBUG Engine               - enabledMenuItems: []
16:12:29.205 [FXGL Background Thread 3 ] DEBUG Engine               - engineServices: [class com.almasb.fxgl.app.services.FXGLAssetLoaderService, class com.almasb.fxgl.app.FXGLApplication$GameApplicationService, class com.almasb.fxgl.app.services.FXGLDialogService, class com.almasb.fxgl.app.services.IOTaskExecutorService, class com.almasb.fxgl.io.FileSystemService, class com.almasb.fxgl.localization.LocalizationService, class com.almasb.fxgl.app.services.SystemBundleService, class com.almasb.fxgl.profile.SaveLoadService, class com.almasb.fxgl.ui.FXGLUIFactoryServiceProvider, class com.almasb.fxgl.ui.FXGLDialogFactoryServiceProvider, class com.almasb.fxgl.audio.AudioPlayer, class com.almasb.fxgl.notification.impl.NotificationServiceProvider, class com.almasb.fxgl.achievement.AchievementService, class com.almasb.fxgl.cutscene.CutsceneService, class com.almasb.fxgl.minigames.MiniGameService, class com.almasb.fxgl.net.NetService, class com.almasb.fxgl.app.services.UpdaterService, class com.almasb.fxgl.dev.DevService]
16:12:29.205 [FXGL Background Thread 3 ] DEBUG Engine               - fontGame: Abel-Regular.ttf
16:12:29.205 [FXGL Background Thread 3 ] DEBUG Engine               - fontMono: TerminalLandMono-Regular.otf
16:12:29.205 [FXGL Background Thread 3 ] DEBUG Engine               - fontSizeScaleUI: 1.0
16:12:29.205 [FXGL Background Thread 3 ] DEBUG Engine               - fontText: Courier-Prime.ttf
16:12:29.206 [FXGL Background Thread 3 ] DEBUG Engine               - fontUI: VarelaRound-Regular.ttf
16:12:29.206 [FXGL Background Thread 3 ] DEBUG Engine               - fullScreen: BooleanProperty [value: false]
16:12:29.207 [FXGL Background Thread 3 ] DEBUG Engine               - gameDifficulty: MEDIUM
16:12:29.207 [FXGL Background Thread 3 ] DEBUG Engine               - gameDifficultyProperty: ObjectProperty [value: MEDIUM]
16:12:29.207 [FXGL Background Thread 3 ] DEBUG Engine               - globalMusicVolume: 0.5
16:12:29.207 [FXGL Background Thread 3 ] DEBUG Engine               - globalMusicVolumeProperty: DoubleProperty [value: 0.5]
16:12:29.207 [FXGL Background Thread 3 ] DEBUG Engine               - globalSoundVolume: 0.5
16:12:29.207 [FXGL Background Thread 3 ] DEBUG Engine               - globalSoundVolumeProperty: DoubleProperty [value: 0.5]
16:12:29.207 [FXGL Background Thread 3 ] DEBUG Engine               - height: 720
16:12:29.208 [FXGL Background Thread 3 ] DEBUG Engine               - is3D: true
16:12:29.208 [FXGL Background Thread 3 ] DEBUG Engine               - isAndroid: false
16:12:29.208 [FXGL Background Thread 3 ] DEBUG Engine               - isBrowser: false
16:12:29.208 [FXGL Background Thread 3 ] DEBUG Engine               - isClickFeedbackEnabled: false
16:12:29.208 [FXGL Background Thread 3 ] DEBUG Engine               - isCloseConfirmation: false
16:12:29.208 [FXGL Background Thread 3 ] DEBUG Engine               - isDesktop: true
16:12:29.208 [FXGL Background Thread 3 ] DEBUG Engine               - isDeveloperMenuEnabled: false
16:12:29.208 [FXGL Background Thread 3 ] DEBUG Engine               - isEmbedded: false
16:12:29.208 [FXGL Background Thread 3 ] DEBUG Engine               - isEntityPreloadEnabled: true
16:12:29.208 [FXGL Background Thread 3 ] DEBUG Engine               - isExperimentalTiledLargeMap: false
16:12:29.209 [FXGL Background Thread 3 ] DEBUG Engine               - isFileSystemWriteAllowed: true
16:12:29.209 [FXGL Background Thread 3 ] DEBUG Engine               - isFullScreenAllowed: false
16:12:29.209 [FXGL Background Thread 3 ] DEBUG Engine               - isFullScreenFromStart: false
16:12:29.209 [FXGL Background Thread 3 ] DEBUG Engine               - isGameMenuEnabled: true
16:12:29.209 [FXGL Background Thread 3 ] DEBUG Engine               - isIOS: false
16:12:29.209 [FXGL Background Thread 3 ] DEBUG Engine               - isIntroEnabled: false
16:12:29.209 [FXGL Background Thread 3 ] DEBUG Engine               - isLinux: false
16:12:29.209 [FXGL Background Thread 3 ] DEBUG Engine               - isMac: false
16:12:29.209 [FXGL Background Thread 3 ] DEBUG Engine               - isMainMenuEnabled: true
16:12:29.209 [FXGL Background Thread 3 ] DEBUG Engine               - isManualResizeEnabled: true
16:12:29.209 [FXGL Background Thread 3 ] DEBUG Engine               - isMobile: false
16:12:29.209 [FXGL Background Thread 3 ] DEBUG Engine               - isNative: false
16:12:29.210 [FXGL Background Thread 3 ] DEBUG Engine               - isPauseMusicWhenMinimized: true
16:12:29.210 [FXGL Background Thread 3 ] DEBUG Engine               - isPreserveResizeRatio: false
16:12:29.210 [FXGL Background Thread 3 ] DEBUG Engine               - isProfilingEnabled: false
16:12:29.210 [FXGL Background Thread 3 ] DEBUG Engine               - isScaleAffectedOnResize: true
16:12:29.210 [FXGL Background Thread 3 ] DEBUG Engine               - isSingleStep: false
16:12:29.210 [FXGL Background Thread 3 ] DEBUG Engine               - isUserProfileEnabled: false
16:12:29.210 [FXGL Background Thread 3 ] DEBUG Engine               - isWindows: true
16:12:29.210 [FXGL Background Thread 3 ] DEBUG Engine               - language: ObjectProperty [value: ENGLISH]
16:12:29.210 [FXGL Background Thread 3 ] DEBUG Engine               - menuKey: ESCAPE
16:12:29.211 [FXGL Background Thread 3 ] DEBUG Engine               - mouseSensitivity: 0.2
16:12:29.211 [FXGL Background Thread 3 ] DEBUG Engine               - notificationViewClass: class com.almasb.fxgl.notification.view.XboxNotificationView
16:12:29.211 [FXGL Background Thread 3 ] DEBUG Engine               - pixelsPerMeter: 50.0
16:12:29.211 [FXGL Background Thread 3 ] DEBUG Engine               - platform: WINDOWS
16:12:29.211 [FXGL Background Thread 3 ] DEBUG Engine               - prefHeightProperty: ReadOnlyDoubleProperty [value: 720.0]
16:12:29.211 [FXGL Background Thread 3 ] DEBUG Engine               - prefWidthProperty: ReadOnlyDoubleProperty [value: 1280.0]
16:12:29.211 [FXGL Background Thread 3 ] DEBUG Engine               - profileDir: profiles/
16:12:29.211 [FXGL Background Thread 3 ] DEBUG Engine               - profileName: StringProperty [value: DEFAULT]
16:12:29.211 [FXGL Background Thread 3 ] DEBUG Engine               - randomSeed: -1
16:12:29.212 [FXGL Background Thread 3 ] DEBUG Engine               - runtimeInfo: RuntimeInfo(platform=WINDOWS, version=17.3, build=30.03.2023 11.49)
16:12:29.212 [FXGL Background Thread 3 ] DEBUG Engine               - saveFileExt: sav
16:12:29.212 [FXGL Background Thread 3 ] DEBUG Engine               - scaledHeightProp$fxgl: DoubleProperty [bound, value: 720.0]
16:12:29.212 [FXGL Background Thread 3 ] DEBUG Engine               - scaledWidthProp$fxgl: DoubleProperty [bound, value: 1280.0]
16:12:29.212 [FXGL Background Thread 3 ] DEBUG Engine               - sceneFactory: com.brendondias.game.launcher.NarutoNinjaWarApp$1@45e019b
16:12:29.212 [FXGL Background Thread 3 ] DEBUG Engine               - secondsIn24h: 60
16:12:29.212 [FXGL Background Thread 3 ] DEBUG Engine               - soundMenuBack: menu/back.wav
16:12:29.213 [FXGL Background Thread 3 ] DEBUG Engine               - soundMenuPress: menu/press.wav
16:12:29.213 [FXGL Background Thread 3 ] DEBUG Engine               - soundMenuSelect: menu/select.wav
16:12:29.213 [FXGL Background Thread 3 ] DEBUG Engine               - soundNotification: core/notification.wav
16:12:29.213 [FXGL Background Thread 3 ] DEBUG Engine               - stageStyle: DECORATED
16:12:29.213 [FXGL Background Thread 3 ] DEBUG Engine               - supportedLanguages: [ENGLISH, FRENCH, GERMAN, HUNGARIAN, RUSSIAN]
16:12:29.213 [FXGL Background Thread 3 ] DEBUG Engine               - ticksPerSecond: -1
16:12:29.213 [FXGL Background Thread 3 ] DEBUG Engine               - title: Naruto Ninja War
16:12:29.213 [FXGL Background Thread 3 ] DEBUG Engine               - urlGithub: https://github.com/AlmasB/FXGL
16:12:29.213 [FXGL Background Thread 3 ] DEBUG Engine               - urlLeaderboard: http://fxgl-top.herokuapp.com/
16:12:29.213 [FXGL Background Thread 3 ] DEBUG Engine               - urlPOM: https://raw.githubusercontent.com/AlmasB/FXGL/release/README.md
16:12:29.213 [FXGL Background Thread 3 ] DEBUG Engine               - userAppClass: class com.brendondias.game.launcher.NarutoNinjaWarApp
16:12:29.213 [FXGL Background Thread 3 ] DEBUG Engine               - version: 1.0
16:12:29.213 [FXGL Background Thread 3 ] DEBUG Engine               - versionCheckDays: 7
16:12:29.213 [FXGL Background Thread 3 ] DEBUG Engine               - width: 1280
16:12:29.213 [FXGL Background Thread 3 ] DEBUG Engine               - Logging services
16:12:29.213 [FXGL Background Thread 3 ] DEBUG Engine               - class com.almasb.fxgl.app.services.FXGLAssetLoaderService
16:12:29.213 [FXGL Background Thread 3 ] DEBUG Engine               - class com.almasb.fxgl.app.FXGLApplication$GameApplicationService
16:12:29.213 [FXGL Background Thread 3 ] DEBUG Engine               - class com.almasb.fxgl.app.services.FXGLDialogService
16:12:29.213 [FXGL Background Thread 3 ] DEBUG Engine               - class com.almasb.fxgl.app.services.IOTaskExecutorService
16:12:29.213 [FXGL Background Thread 3 ] DEBUG Engine               - class com.almasb.fxgl.io.FileSystemService
16:12:29.213 [FXGL Background Thread 3 ] DEBUG Engine               - class com.almasb.fxgl.localization.LocalizationService
16:12:29.213 [FXGL Background Thread 3 ] DEBUG Engine               - class com.almasb.fxgl.app.services.SystemBundleService
16:12:29.213 [FXGL Background Thread 3 ] DEBUG Engine               - class com.almasb.fxgl.profile.SaveLoadService
16:12:29.213 [FXGL Background Thread 3 ] DEBUG Engine               - class com.almasb.fxgl.ui.FXGLUIFactoryServiceProvider
16:12:29.214 [FXGL Background Thread 3 ] DEBUG Engine               - class com.almasb.fxgl.ui.FXGLDialogFactoryServiceProvider
16:12:29.214 [FXGL Background Thread 3 ] DEBUG Engine               - class com.almasb.fxgl.audio.AudioPlayer
16:12:29.214 [FXGL Background Thread 3 ] DEBUG Engine               - class com.almasb.fxgl.notification.impl.NotificationServiceProvider
16:12:29.214 [FXGL Background Thread 3 ] DEBUG Engine               - class com.almasb.fxgl.achievement.AchievementService
16:12:29.214 [FXGL Background Thread 3 ] DEBUG Engine               - class com.almasb.fxgl.cutscene.CutsceneService
16:12:29.214 [FXGL Background Thread 3 ] DEBUG Engine               - class com.almasb.fxgl.minigames.MiniGameService
16:12:29.214 [FXGL Background Thread 3 ] DEBUG Engine               - class com.almasb.fxgl.net.NetService
16:12:29.214 [FXGL Background Thread 3 ] DEBUG Engine               - class com.almasb.fxgl.app.services.UpdaterService
16:12:29.214 [FXGL Background Thread 3 ] DEBUG Engine               - class com.almasb.fxgl.dev.DevService
16:12:42.118 [JavaFX Application Thread] DEBUG GameApplicationServi - Starting new game
16:12:42.118 [JavaFX Application Thread] DEBUG PrimaryStageWindow   - Pop state: MainMenu
16:12:42.118 [JavaFX Application Thread] DEBUG Input                - Clearing active input actions
16:12:42.118 [JavaFX Application Thread] DEBUG GameApplicationServi - Removing overlay from MainMenu and adding to FXGLMainMenuDummyScene
16:12:42.118 [JavaFX Application Thread] DEBUG PrimaryStageWindow   - FXGLMainMenuDummyScene <- MainMenu
16:12:42.119 [JavaFX Application Thread] DEBUG Input                - Clearing active input actions
16:12:42.128 [JavaFX Application Thread] DEBUG GameApplicationServi - Removing overlay from FXGLMainMenuDummyScene and adding to FXGLLoadingScene
16:12:42.129 [JavaFX Application Thread] DEBUG PrimaryStageWindow   - FXGLMainMenuDummyScene -> FXGLLoadingScene
16:12:42.129 [JavaFX Application Thread] DEBUG GameApplicationServi - Clearing previous game
16:12:42.129 [JavaFX Application Thread] DEBUG GameScene            - Clearing game scene
16:12:42.129 [JavaFX Application Thread] DEBUG GameWorld            - Clearing game world
16:12:42.129 [JavaFX Application Thread] DEBUG PhysicsWorld         - Clearing physics world
16:12:42.131 [FXGL Background Thread 2 ] DEBUG FXGLApplication      - Initializing game
16:12:42.170 [FXGL Background Thread 2 ] WARN  Entity               - Entity already has component: com.almasb.fxgl.entity.components.CollidableComponent
16:12:42.173 [FXGL Background Thread 2 ] DEBUG FXGLAssetLoaderServi - Loading from file system: file:/C:/Users/brend/IdeaProjects/MavenWorkspace/InitFXGL/target/classes/assets/textures/itachiComplete_strip10.png
16:12:42.211 [FXGL Background Thread 2 ] WARN  GameWorld            - Entity is already attached to world
16:12:42.213 [FXGL Background Thread 2 ] DEBUG FXGLAssetLoaderServi - Loading from file system: file:/C:/Users/brend/IdeaProjects/MavenWorkspace/InitFXGL/target/classes/assets/textures/map.gif
16:12:42.275 [FXGL Background Thread 2 ] DEBUG FXGLAssetLoaderServi - Loading from file system: file:/C:/Users/brend/IdeaProjects/MavenWorkspace/InitFXGL/target/classes/assets/textures/chess.png
16:12:42.290 [FXGL Background Thread 2 ] WARN  GameWorld            - Entity is already attached to world
16:12:42.291 [FXGL Background Thread 2 ] DEBUG FXGLAssetLoaderServi - Loading from file system: file:/C:/Users/brend/IdeaProjects/MavenWorkspace/InitFXGL/target/classes/assets/textures/backgroundFinalImage2.png
16:12:42.315 [FXGL Background Thread 2 ] DEBUG FXGLAssetLoaderServi - Loading from file system: file:/C:/Users/brend/IdeaProjects/MavenWorkspace/InitFXGL/target/classes/assets/textures/rightPanelImage.png
16:12:42.319 [FXGL Background Thread 2 ] DEBUG FXGLAssetLoaderServi - Loading from file system: file:/C:/Users/brend/IdeaProjects/MavenWorkspace/InitFXGL/target/classes/assets/textures/bottomPanelImage.png
16:12:42.324 [FXGL Background Thread 2 ] INFO  FXGLApplication      - Game initialization took: 0,193 sec
16:12:42.332 [JavaFX Application Thread] DEBUG Input                - Clearing active input actions
16:12:42.340 [JavaFX Application Thread] DEBUG GameApplicationServi - Removing overlay from FXGLLoadingScene and adding to GameScene
16:12:42.340 [JavaFX Application Thread] DEBUG PrimaryStageWindow   - FXGLLoadingScene -> GameScene
16:12:47.786 [JavaFX Application Thread] DEBUG FXGLApplication      - Exiting FXGL
16:12:47.786 [JavaFX Application Thread] DEBUG LoopRunner           - Stopping loop
16:12:47.786 [JavaFX Application Thread] DEBUG SystemBundleService  - Saving FXGL system data
16:12:47.787 [JavaFX Application Thread] DEBUG FileSystemAccess     - Writing to: C:\Users\brend\IdeaProjects\MavenWorkspace\InitFXGL\system\fxgl.bundle
16:12:47.789 [JavaFX Application Thread] DEBUG Async                - Shutting down background threads
16:12:47.789 [JavaFX Application Thread] DEBUG PrimaryStageWindow   - Closing main window
16:12:47.809 [JavaFX Application Thread] DEBUG Logger               - Closing Logger
